Number of sites          : 8
Number of up electrons   : 4
Number of down electrons : 4
Number of hoppings       : 7
hopping 0 : 0 1 -1
hopping 1 : 1 2 -1
hopping 2 : 2 3 -1
hopping 3 : 3 4 -1
hopping 4 : 4 5 -1
hopping 5 : 5 6 -1
hopping 6 : 6 7 -1
interaction/mu_up_mu_down 0 : 11 -5.5 -5.5
interaction/mu_up_mu_down 1 : 11 -5.5 -5.5
interaction/mu_up_mu_down 2 : 11 -5.5 -5.5
interaction/mu_up_mu_down 3 : 11 -5.5 -5.5
interaction/mu_up_mu_down 4 : 11 -5.5 -5.5
interaction/mu_up_mu_down 5 : 11 -5.5 -5.5
interaction/mu_up_mu_down 6 : 11 -5.5 -5.5
interaction/mu_up_mu_down 7 : 11 -5.5 -5.5
blockup = 30
set up 70 states
set up 70 states
Setup: 1
MatVec Hopping Down: 0
MatVec Hopping Up: 0
MatVec Diagonal: 0
beta[1]=8.518887e+00
Eigenvalue = 0
Difference 0.000000e+00 - 1.000000e+07 = 1.000000e+07
Iteration time in sec 0
MatVec Hopping Down: 0
MatVec Hopping Up: 0
MatVec Diagonal: 0
beta[2]=1.146308e+01
Eigenvalue = -30
Difference -3.000000e+01 - 0.000000e+00 = 3.000000e+01
Iteration time in sec 1
MatVec Hopping Down: 0
MatVec Hopping Up: 0
MatVec Diagonal: 0
beta[3]=1.352554e+01
Eigenvalue = -36.781
Difference -3.678097e+01 - -3.000000e+01 = 6.780966e+00
Iteration time in sec 0
MatVec Hopping Down: 1
MatVec Hopping Up: 0
MatVec Diagonal: 0
beta[4]=1.631345e+01
Eigenvalue = -40.5392
Difference -4.053925e+01 - -3.678097e+01 = 3.758283e+00
Iteration time in sec 1
MatVec Hopping Down: 0
MatVec Hopping Up: 0
MatVec Diagonal: 0
beta[5]=4.389276e+00
Eigenvalue = -43.0759
Difference -4.307588e+01 - -4.053925e+01 = 2.536631e+00
Iteration time in sec 0
MatVec Hopping Down: 0
MatVec Hopping Up: 1
MatVec Diagonal: 0
beta[6]=1.083551e+01
Eigenvalue = -45.4947
Difference -4.549473e+01 - -4.307588e+01 = 2.418848e+00
Iteration time in sec 1
MatVec Hopping Down: 0
MatVec Hopping Up: 0
MatVec Diagonal: 0
beta[7]=1.380650e+01
Eigenvalue = -45.6057
Difference -4.560567e+01 - -4.549473e+01 = 1.109445e-01
Iteration time in sec 0
MatVec Hopping Down: 0
MatVec Hopping Up: 0
MatVec Diagonal: 0
beta[8]=1.366767e+01
Eigenvalue = -45.6352
Difference -4.563523e+01 - -4.560567e+01 = 2.955993e-02
Iteration time in sec 0
MatVec Hopping Down: 1
MatVec Hopping Up: 0
MatVec Diagonal: 0
beta[9]=1.281848e+01
Eigenvalue = -45.656
Difference -4.565600e+01 - -4.563523e+01 = 2.076335e-02
Iteration time in sec 1
MatVec Hopping Down: 0
MatVec Hopping Up: 0
MatVec Diagonal: 0
beta[10]=6.412187e+00
Eigenvalue = -45.6817
Difference -4.568167e+01 - -4.565600e+01 = 2.567824e-02
Iteration time in sec 0
MatVec Hopping Down: 0
MatVec Hopping Up: 1
MatVec Diagonal: 0
beta[11]=1.084655e+01
Eigenvalue = -45.7511
Difference -4.575111e+01 - -4.568167e+01 = 6.943356e-02
Iteration time in sec 1
MatVec Hopping Down: 0
MatVec Hopping Up: 0
MatVec Diagonal: 0
beta[12]=1.253088e+01
Eigenvalue = -45.7736
Difference -4.577358e+01 - -4.575111e+01 = 2.246933e-02
Iteration time in sec 0
MatVec Hopping Down: 0
MatVec Hopping Up: 1
MatVec Diagonal: 0
beta[13]=1.457266e+01
Eigenvalue = -45.7802
Difference -4.578024e+01 - -4.577358e+01 = 6.662892e-03
Iteration time in sec 1
MatVec Hopping Down: 0
MatVec Hopping Up: 0
MatVec Diagonal: 0
beta[14]=1.113147e+01
Eigenvalue = -45.7836
Difference -4.578362e+01 - -4.578024e+01 = 3.375912e-03
Iteration time in sec 0
MatVec Hopping Down: 0
MatVec Hopping Up: 0
MatVec Diagonal: 0
beta[15]=8.556531e+00
Eigenvalue = -45.7881
Difference -4.578810e+01 - -4.578362e+01 = 4.482547e-03
Iteration time in sec 0
MatVec Hopping Down: 0
MatVec Hopping Up: 0
MatVec Diagonal: 0
beta[16]=9.437714e+00
Eigenvalue = -45.7964
Difference -4.579644e+01 - -4.578810e+01 = 8.338689e-03
Iteration time in sec 1
MatVec Hopping Down: 0
MatVec Hopping Up: 0
MatVec Diagonal: 0
beta[17]=1.278251e+01
Eigenvalue = -45.8012
Difference -4.580118e+01 - -4.579644e+01 = 4.738125e-03
Iteration time in sec 0
MatVec Hopping Down: 1
MatVec Hopping Up: 0
MatVec Diagonal: 0
beta[18]=1.401683e+01
Eigenvalue = -45.8025
Difference -4.580250e+01 - -4.580118e+01 = 1.325671e-03
Iteration time in sec 1
MatVec Hopping Down: 0
MatVec Hopping Up: 0
MatVec Diagonal: 0
beta[19]=1.160638e+01
Eigenvalue = -45.8032
Difference -4.580316e+01 - -4.580250e+01 = 6.566990e-04
Iteration time in sec 0
MatVec Hopping Down: 1
MatVec Hopping Up: 0
MatVec Diagonal: 0
beta[20]=8.903775e+00
Eigenvalue = -45.8039
Difference -4.580388e+01 - -4.580316e+01 = 7.201351e-04
Iteration time in sec 1
MatVec Hopping Down: 0
MatVec Hopping Up: 0
MatVec Diagonal: 0
beta[21]=8.025417e+00
Eigenvalue = -45.8051
Difference -4.580512e+01 - -4.580388e+01 = 1.244848e-03
Iteration time in sec 0
MatVec Hopping Down: 1
MatVec Hopping Up: 0
MatVec Diagonal: 0
beta[22]=1.205937e+01
Eigenvalue = -45.8059
Difference -4.580586e+01 - -4.580512e+01 = 7.337872e-04
Iteration time in sec 1
MatVec Hopping Down: 0
MatVec Hopping Up: 0
MatVec Diagonal: 0
beta[23]=1.426466e+01
Eigenvalue = -45.806
Difference -4.580601e+01 - -4.580586e+01 = 1.572942e-04
Iteration time in sec 0
MatVec Hopping Down: 1
MatVec Hopping Up: 0
MatVec Diagonal: 0
beta[24]=1.277760e+01
Eigenvalue = -45.8061
Difference -4.580608e+01 - -4.580601e+01 = 6.670851e-05
Iteration time in sec 1
MatVec Hopping Down: 0
MatVec Hopping Up: 0
MatVec Diagonal: 0
beta[25]=1.001595e+01
Eigenvalue = -45.8061
Difference -4.580615e+01 - -4.580608e+01 = 6.529911e-05
Iteration time in sec 1
MatVec Hopping Down: 0
MatVec Hopping Up: 0
MatVec Diagonal: 0
beta[26]=7.861981e+00
Eigenvalue = -45.8063
Difference -4.580627e+01 - -4.580615e+01 = 1.279765e-04
Iteration time in sec 0
MatVec Hopping Down: 0
MatVec Hopping Up: 0
MatVec Diagonal: 0
beta[27]=1.137104e+01
Eigenvalue = -45.8064
Difference -4.580641e+01 - -4.580627e+01 = 1.380071e-04
Iteration time in sec 1
MatVec Hopping Down: 0
MatVec Hopping Up: 0
MatVec Diagonal: 0
beta[28]=1.393923e+01
Eigenvalue = -45.8065
Difference -4.580645e+01 - -4.580641e+01 = 4.021868e-05
Iteration time in sec 0
MatVec Hopping Down: 0
MatVec Hopping Up: 1
MatVec Diagonal: 0
beta[29]=1.353305e+01
Eigenvalue = -45.8065
Difference -4.580647e+01 - -4.580645e+01 = 1.488706e-05
Iteration time in sec 1
MatVec Hopping Down: 0
MatVec Hopping Up: 0
MatVec Diagonal: 0
beta[30]=9.701195e+00
Eigenvalue = -45.8065
Difference -4.580648e+01 - -4.580647e+01 = 1.120270e-05
Iteration time in sec 0
MatVec Hopping Down: 1
MatVec Hopping Up: 0
MatVec Diagonal: 0
beta[31]=7.091132e+00
Eigenvalue = -45.8065
Difference -4.580650e+01 - -4.580648e+01 = 2.107018e-05
Iteration time in sec 1
MatVec Hopping Down: 0
MatVec Hopping Up: 0
MatVec Diagonal: 0
beta[32]=1.019833e+01
Eigenvalue = -45.8065
Difference -4.580652e+01 - -4.580650e+01 = 2.146857e-05
Iteration time in sec 1
MatVec Hopping Down: 0
MatVec Hopping Up: 0
MatVec Diagonal: 0
beta[33]=1.328087e+01
Eigenvalue = -45.8065
Difference -4.580653e+01 - -4.580652e+01 = 4.664800e-06
Iteration time in sec 0
MatVec Hopping Down: 1
MatVec Hopping Up: 0
MatVec Diagonal: 0
beta[34]=1.399315e+01
Eigenvalue = -45.8065
Difference -4.580653e+01 - -4.580653e+01 = 1.170247e-06
Iteration time in sec 1
MatVec Hopping Down: 0
MatVec Hopping Up: 1
MatVec Diagonal: 0
beta[35]=1.091469e+01
Eigenvalue = -45.8065
Difference -4.580653e+01 - -4.580653e+01 = 6.026563e-07
Iteration time in sec 1
MatVec Hopping Down: 0
MatVec Hopping Up: 0
MatVec Diagonal: 0
beta[36]=7.856955e+00
Eigenvalue = -45.8065
Difference -4.580653e+01 - -4.580653e+01 = 8.907302e-07
Iteration time in sec 1
MatVec Hopping Down: 0
MatVec Hopping Up: 0
MatVec Diagonal: 0
beta[37]=9.414983e+00
Eigenvalue = -45.8065
Difference -4.580653e+01 - -4.580653e+01 = 1.167615e-06
Iteration time in sec 0
MatVec Hopping Down: 1
MatVec Hopping Up: 0
MatVec Diagonal: 0
beta[38]=1.069316e+01
Eigenvalue = -45.8065
Difference -4.580653e+01 - -4.580653e+01 = 3.947410e-07
Iteration time in sec 1
MatVec Hopping Down: 0
MatVec Hopping Up: 0
MatVec Diagonal: 0
beta[39]=1.393871e+01
Eigenvalue = -45.8065
Difference -4.580653e+01 - -4.580653e+01 = 1.079347e-07
Iteration time in sec 1
MatVec Hopping Down: 0
MatVec Hopping Up: 0
MatVec Diagonal: 0
beta[40]=1.405389e+01
Eigenvalue = -45.8065
Difference -4.580653e+01 - -4.580653e+01 = 3.022973e-08
Iteration time in sec 1
MatVec Hopping Down: 0
MatVec Hopping Up: 0
MatVec Diagonal: 0
beta[41]=7.722940e+00
Eigenvalue = -45.8065
Difference -4.580653e+01 - -4.580653e+01 = 2.308821e-08
Iteration time in sec 1
MatVec Hopping Down: 0
MatVec Hopping Up: 0
MatVec Diagonal: 0
beta[42]=9.161725e+00
Eigenvalue = -45.8065
Difference -4.580653e+01 - -4.580653e+01 = 5.048507e-08
Iteration time in sec 0
MatVec Hopping Down: 1
MatVec Hopping Up: 0
MatVec Diagonal: 0
beta[43]=8.923188e+00
Eigenvalue = -45.8065
Difference -4.580653e+01 - -4.580653e+01 = 2.847739e-08
Iteration time in sec 1
MatVec Hopping Down: 1
MatVec Hopping Up: 0
MatVec Diagonal: 0
beta[44]=1.331229e+01
Eigenvalue = -45.8065
Difference -4.580653e+01 - -4.580653e+01 = 8.853853e-09
Iteration time in sec 1
MatVec Hopping Down: 1
MatVec Hopping Up: 0
MatVec Diagonal: 0
beta[45]=1.454045e+01
Eigenvalue = -45.8065
Difference -4.580653e+01 - -4.580653e+01 = 1.671182e-09
Iteration time in sec 1
MatVec Hopping Down: 0
MatVec Hopping Up: 1
MatVec Diagonal: 0
beta[46]=1.000229e+01
Eigenvalue = -45.8065
Difference -4.580653e+01 - -4.580653e+01 = 8.465904e-10
Iteration time in sec 1
MatVec Hopping Down: 0
MatVec Hopping Up: 1
MatVec Diagonal: 0
beta[47]=9.133843e+00
Eigenvalue = -45.8065
Difference -4.580653e+01 - -4.580653e+01 = 1.200675e-09
Iteration time in sec 1
MatVec Hopping Down: 0
MatVec Hopping Up: 1
MatVec Diagonal: 0
beta[48]=7.916015e+00
Eigenvalue = -45.8065
Difference -4.580653e+01 - -4.580653e+01 = 1.367646e-09
Iteration time in sec 1
MatVec Hopping Down: 1
MatVec Hopping Up: 0
MatVec Diagonal: 0
beta[49]=1.164332e+01
Eigenvalue = -45.8065
Difference -4.580653e+01 - -4.580653e+01 = 6.997567e-10
Iteration time in sec 1
MatVec Hopping Down: 1
MatVec Hopping Up: 0
MatVec Diagonal: 0
beta[50]=1.569675e+01
Eigenvalue = -45.8065
Difference -4.580653e+01 - -4.580653e+01 = 1.286722e-10
Iteration time in sec 2
MatVec Hopping Down: 0
MatVec Hopping Up: 0
MatVec Diagonal: 0
beta[51]=1.112352e+01
Eigenvalue = -45.8065
Difference -4.580653e+01 - -4.580653e+01 = 4.860112e-11
Iteration time in sec 1
MatVec Hopping Down: 0
MatVec Hopping Up: 0
MatVec Diagonal: 0
beta[52]=9.939487e+00
Eigenvalue = -45.8065
Difference -4.580653e+01 - -4.580653e+01 = 6.467360e-11
Iteration time in sec 1
MatVec Hopping Down: 0
MatVec Hopping Up: 0
MatVec Diagonal: 0
beta[53]=7.582289e+00
Eigenvalue = -45.8065
Difference -4.580653e+01 - -4.580653e+01 = 9.400480e-11
Iteration time in sec 1
MatVec Hopping Down: 0
MatVec Hopping Up: 1
MatVec Diagonal: 0
beta[54]=1.007910e+01
Eigenvalue = -45.8065
Difference -4.580653e+01 - -4.580653e+01 = 7.906209e-11
Iteration time in sec 1
MatVec Hopping Down: 1
MatVec Hopping Up: 0
MatVec Diagonal: 0
beta[55]=1.526588e+01
Eigenvalue = -45.8065
Difference -4.580653e+01 - -4.580653e+01 = 1.710276e-11
Iteration time in sec 2
MatVec Hopping Down: 0
MatVec Hopping Up: 0
MatVec Diagonal: 0
beta[56]=1.223842e+01
Eigenvalue = -45.8065
Difference -4.580653e+01 - -4.580653e+01 = 3.929301e-12
Iteration time in sec 1
MatVec Hopping Down: 0
MatVec Hopping Up: 1
MatVec Diagonal: 0
beta[57]=1.036993e+01
Eigenvalue = -45.8065
Difference -4.580653e+01 - -4.580653e+01 = 3.716139e-12
Iteration time in sec 2
MatVec Hopping Down: 0
MatVec Hopping Up: 0
MatVec Diagonal: 0
beta[58]=7.988902e+00
Eigenvalue = -45.8065
Difference -4.580653e+01 - -4.580653e+01 = 5.101697e-12
Iteration time in sec 1
MatVec Hopping Down: 0
MatVec Hopping Up: 0
MatVec Diagonal: 0
beta[59]=8.973272e+00
Eigenvalue = -45.8065
Difference -4.580653e+01 - -4.580653e+01 = 5.393019e-12
Iteration time in sec 1
MatVec Hopping Down: 0
MatVec Hopping Up: 0
MatVec Diagonal: 0
beta[60]=1.225515e+01
Eigenvalue = -45.8065
Difference -4.580653e+01 - -4.580653e+01 = 1.428191e-12
Iteration time in sec 2
MatVec Hopping Down: 0
MatVec Hopping Up: 0
MatVec Diagonal: 0
beta[61]=1.376660e+01
Eigenvalue = -45.8065
Difference -4.580653e+01 - -4.580653e+01 = 3.979039e-13
