Number of sites          : 8
Number of up electrons   : 4
Number of down electrons : 4
Number of hoppings       : 7
hopping 0 : 0 1 -1
hopping 1 : 1 2 -1
hopping 2 : 2 3 -1
hopping 3 : 3 4 -1
hopping 4 : 4 5 -1
hopping 5 : 5 6 -1
hopping 6 : 6 7 -1
interaction/mu_up_mu_down 0 : 14 -7 -7
interaction/mu_up_mu_down 1 : 14 -7 -7
interaction/mu_up_mu_down 2 : 14 -7 -7
interaction/mu_up_mu_down 3 : 14 -7 -7
interaction/mu_up_mu_down 4 : 14 -7 -7
interaction/mu_up_mu_down 5 : 14 -7 -7
interaction/mu_up_mu_down 6 : 14 -7 -7
interaction/mu_up_mu_down 7 : 14 -7 -7
blockup = 30
set up 70 states
set up 70 states
Setup: 1
MatVec Hopping Down: 0
MatVec Hopping Up: 0
MatVec Diagonal: 0
beta[1]=1.074377e+01
Eigenvalue = 0
Difference 0.000000e+00 - 1.000000e+07 = 1.000000e+07
Iteration time in sec 0
MatVec Hopping Down: 1
MatVec Hopping Up: 0
MatVec Diagonal: 0
beta[2]=1.444001e+01
Eigenvalue = -36
Difference -3.600000e+01 - 0.000000e+00 = 3.600000e+01
Iteration time in sec 1
MatVec Hopping Down: 0
MatVec Hopping Up: 0
MatVec Diagonal: 0
beta[3]=1.696682e+01
Eigenvalue = -44.9486
Difference -4.494859e+01 - -3.600000e+01 = 8.948588e+00
Iteration time in sec 0
MatVec Hopping Down: 0
MatVec Hopping Up: 1
MatVec Diagonal: 0
beta[4]=2.040219e+01
Eigenvalue = -50.1365
Difference -5.013654e+01 - -4.494859e+01 = 5.187954e+00
Iteration time in sec 1
MatVec Hopping Down: 0
MatVec Hopping Up: 0
MatVec Diagonal: 0
beta[5]=4.309266e+00
Eigenvalue = -53.7246
Difference -5.372462e+01 - -5.013654e+01 = 3.588083e+00
Iteration time in sec 0
MatVec Hopping Down: 0
MatVec Hopping Up: 0
MatVec Diagonal: 0
beta[6]=1.264254e+01
Eigenvalue = -57.148
Difference -5.714802e+01 - -5.372462e+01 = 3.423394e+00
Iteration time in sec 1
MatVec Hopping Down: 0
MatVec Hopping Up: 0
MatVec Diagonal: 0
beta[7]=1.640599e+01
Eigenvalue = -57.2427
Difference -5.724273e+01 - -5.714802e+01 = 9.470708e-02
Iteration time in sec 0
MatVec Hopping Down: 0
MatVec Hopping Up: 0
MatVec Diagonal: 0
beta[8]=1.752302e+01
Eigenvalue = -57.2645
Difference -5.726446e+01 - -5.724273e+01 = 2.173539e-02
Iteration time in sec 0
MatVec Hopping Down: 1
MatVec Hopping Up: 0
MatVec Diagonal: 0
beta[9]=1.712838e+01
Eigenvalue = -57.2775
Difference -5.727753e+01 - -5.726446e+01 = 1.306463e-02
Iteration time in sec 1
MatVec Hopping Down: 0
MatVec Hopping Up: 0
MatVec Diagonal: 0
beta[10]=6.350553e+00
Eigenvalue = -57.2937
Difference -5.729370e+01 - -5.727753e+01 = 1.617623e-02
Iteration time in sec 0
MatVec Hopping Down: 0
MatVec Hopping Up: 1
MatVec Diagonal: 0
beta[11]=1.294933e+01
Eigenvalue = -57.3727
Difference -5.737266e+01 - -5.729370e+01 = 7.895428e-02
Iteration time in sec 1
MatVec Hopping Down: 0
MatVec Hopping Up: 0
MatVec Diagonal: 0
beta[12]=1.353141e+01
Eigenvalue = -57.3981
Difference -5.739814e+01 - -5.737266e+01 = 2.548202e-02
Iteration time in sec 0
MatVec Hopping Down: 0
MatVec Hopping Up: 0
MatVec Diagonal: 0
beta[13]=1.925912e+01
Eigenvalue = -57.4054
Difference -5.740544e+01 - -5.739814e+01 = 7.306466e-03
Iteration time in sec 1
MatVec Hopping Down: 0
MatVec Hopping Up: 0
MatVec Diagonal: 0
beta[14]=1.580545e+01
Eigenvalue = -57.408
Difference -5.740799e+01 - -5.740544e+01 = 2.540765e-03
Iteration time in sec 0
MatVec Hopping Down: 0
MatVec Hopping Up: 0
MatVec Diagonal: 0
beta[15]=8.652446e+00
Eigenvalue = -57.411
Difference -5.741099e+01 - -5.740799e+01 = 2.999738e-03
Iteration time in sec 0
MatVec Hopping Down: 1
MatVec Hopping Up: 0
MatVec Diagonal: 0
beta[16]=1.164328e+01
Eigenvalue = -57.4214
Difference -5.742141e+01 - -5.741099e+01 = 1.042190e-02
Iteration time in sec 1
MatVec Hopping Down: 0
MatVec Hopping Up: 0
MatVec Diagonal: 0
beta[17]=1.218147e+01
Eigenvalue = -57.4281
Difference -5.742808e+01 - -5.742141e+01 = 6.668304e-03
Iteration time in sec 0
MatVec Hopping Down: 1
MatVec Hopping Up: 0
MatVec Diagonal: 0
beta[18]=1.857483e+01
Eigenvalue = -57.4303
Difference -5.743025e+01 - -5.742808e+01 = 2.178057e-03
Iteration time in sec 1
MatVec Hopping Down: 0
MatVec Hopping Up: 0
MatVec Diagonal: 0
beta[19]=1.731484e+01
Eigenvalue = -57.4309
Difference -5.743087e+01 - -5.743025e+01 = 6.197657e-04
Iteration time in sec 0
MatVec Hopping Down: 1
MatVec Hopping Up: 0
MatVec Diagonal: 0
beta[20]=1.000269e+01
Eigenvalue = -57.4314
Difference -5.743140e+01 - -5.743087e+01 = 5.228275e-04
Iteration time in sec 1
MatVec Hopping Down: 0
MatVec Hopping Up: 0
MatVec Diagonal: 0
beta[21]=1.029585e+01
Eigenvalue = -57.4331
Difference -5.743310e+01 - -5.743140e+01 = 1.704834e-03
Iteration time in sec 0
MatVec Hopping Down: 1
MatVec Hopping Up: 0
MatVec Diagonal: 0
beta[22]=1.013068e+01
Eigenvalue = -57.4347
Difference -5.743473e+01 - -5.743310e+01 = 1.629214e-03
Iteration time in sec 1
MatVec Hopping Down: 0
MatVec Hopping Up: 0
MatVec Diagonal: 0
beta[23]=1.604326e+01
Eigenvalue = -57.4353
Difference -5.743525e+01 - -5.743473e+01 = 5.208759e-04
Iteration time in sec 0
MatVec Hopping Down: 1
MatVec Hopping Up: 0
MatVec Diagonal: 0
beta[24]=1.921104e+01
Eigenvalue = -57.4354
Difference -5.743535e+01 - -5.743525e+01 = 1.030699e-04
Iteration time in sec 1
MatVec Hopping Down: 0
MatVec Hopping Up: 0
MatVec Diagonal: 0
beta[25]=1.327710e+01
Eigenvalue = -57.4354
Difference -5.743540e+01 - -5.743535e+01 = 4.491964e-05
Iteration time in sec 0
MatVec Hopping Down: 1
MatVec Hopping Up: 0
MatVec Diagonal: 0
beta[26]=1.089285e+01
Eigenvalue = -57.4355
Difference -5.743550e+01 - -5.743540e+01 = 9.620848e-05
Iteration time in sec 1
MatVec Hopping Down: 0
MatVec Hopping Up: 0
MatVec Diagonal: 0
beta[27]=9.266529e+00
Eigenvalue = -57.4357
Difference -5.743569e+01 - -5.743550e+01 = 1.924171e-04
Iteration time in sec 1
MatVec Hopping Down: 0
MatVec Hopping Up: 0
MatVec Diagonal: 0
beta[28]=1.378978e+01
Eigenvalue = -57.4358
Difference -5.743583e+01 - -5.743569e+01 = 1.452420e-04
Iteration time in sec 0
MatVec Hopping Down: 0
MatVec Hopping Up: 1
MatVec Diagonal: 0
beta[29]=1.992038e+01
Eigenvalue = -57.4359
Difference -5.743587e+01 - -5.743583e+01 = 3.406568e-05
Iteration time in sec 1
MatVec Hopping Down: 0
MatVec Hopping Up: 0
MatVec Diagonal: 0
beta[30]=1.486011e+01
Eigenvalue = -57.4359
Difference -5.743588e+01 - -5.743587e+01 = 1.010411e-05
Iteration time in sec 0
MatVec Hopping Down: 1
MatVec Hopping Up: 0
MatVec Diagonal: 0
beta[31]=1.086915e+01
Eigenvalue = -57.4359
Difference -5.743589e+01 - -5.743588e+01 = 1.694271e-05
Iteration time in sec 1
MatVec Hopping Down: 0
MatVec Hopping Up: 0
MatVec Diagonal: 0
beta[32]=8.438085e+00
Eigenvalue = -57.4359
Difference -5.743593e+01 - -5.743589e+01 = 4.067553e-05
Iteration time in sec 1
MatVec Hopping Down: 0
MatVec Hopping Up: 0
MatVec Diagonal: 0
beta[33]=1.131974e+01
Eigenvalue = -57.436
Difference -5.743597e+01 - -5.743593e+01 = 3.786281e-05
Iteration time in sec 0
MatVec Hopping Down: 1
MatVec Hopping Up: 0
MatVec Diagonal: 0
beta[34]=1.752718e+01
Eigenvalue = -57.436
Difference -5.743598e+01 - -5.743597e+01 = 8.267954e-06
Iteration time in sec 1
MatVec Hopping Down: 0
MatVec Hopping Up: 0
MatVec Diagonal: 0
beta[35]=1.760569e+01
Eigenvalue = -57.436
Difference -5.743598e+01 - -5.743598e+01 = 1.395401e-06
Iteration time in sec 1
MatVec Hopping Down: 0
MatVec Hopping Up: 0
MatVec Diagonal: 0
beta[36]=1.265814e+01
Eigenvalue = -57.436
Difference -5.743598e+01 - -5.743598e+01 = 1.014705e-06
Iteration time in sec 1
MatVec Hopping Down: 0
MatVec Hopping Up: 0
MatVec Diagonal: 0
beta[37]=9.664982e+00
Eigenvalue = -57.436
Difference -5.743599e+01 - -5.743598e+01 = 2.084698e-06
Iteration time in sec 0
MatVec Hopping Down: 0
MatVec Hopping Up: 1
MatVec Diagonal: 0
beta[38]=9.883733e+00
Eigenvalue = -57.436
Difference -5.743599e+01 - -5.743599e+01 = 3.014973e-06
Iteration time in sec 1
MatVec Hopping Down: 0
MatVec Hopping Up: 0
MatVec Diagonal: 0
beta[39]=1.230004e+01
Eigenvalue = -57.436
Difference -5.743599e+01 - -5.743599e+01 = 1.357162e-06
Iteration time in sec 1
MatVec Hopping Down: 0
MatVec Hopping Up: 0
MatVec Diagonal: 0
beta[40]=1.846903e+01
Eigenvalue = -57.436
Difference -5.743599e+01 - -5.743599e+01 = 2.246473e-07
Iteration time in sec 1
MatVec Hopping Down: 0
MatVec Hopping Up: 0
MatVec Diagonal: 0
beta[41]=1.704759e+01
Eigenvalue = -57.436
Difference -5.743599e+01 - -5.743599e+01 = 5.628098e-08
Iteration time in sec 0
MatVec Hopping Down: 1
MatVec Hopping Up: 0
MatVec Diagonal: 0
beta[42]=9.824652e+00
Eigenvalue = -57.436
Difference -5.743599e+01 - -5.743599e+01 = 4.951270e-08
Iteration time in sec 1
MatVec Hopping Down: 1
MatVec Hopping Up: 0
MatVec Diagonal: 0
beta[43]=8.993770e+00
Eigenvalue = -57.436
Difference -5.743599e+01 - -5.743599e+01 = 1.318726e-07
Iteration time in sec 1
MatVec Hopping Down: 0
MatVec Hopping Up: 1
MatVec Diagonal: 0
beta[44]=1.141284e+01
Eigenvalue = -57.436
Difference -5.743599e+01 - -5.743599e+01 = 1.325765e-07
Iteration time in sec 1
MatVec Hopping Down: 0
MatVec Hopping Up: 1
MatVec Diagonal: 0
beta[45]=1.477545e+01
Eigenvalue = -57.436
Difference -5.743599e+01 - -5.743599e+01 = 2.524192e-08
Iteration time in sec 1
MatVec Hopping Down: 0
MatVec Hopping Up: 1
MatVec Diagonal: 0
beta[46]=1.864670e+01
Eigenvalue = -57.436
Difference -5.743599e+01 - -5.743599e+01 = 5.898528e-09
Iteration time in sec 1
MatVec Hopping Down: 0
MatVec Hopping Up: 0
MatVec Diagonal: 0
beta[47]=1.318774e+01
Eigenvalue = -57.436
Difference -5.743599e+01 - -5.743599e+01 = 2.212786e-09
Iteration time in sec 1
MatVec Hopping Down: 0
MatVec Hopping Up: 0
MatVec Diagonal: 0
beta[48]=1.023482e+01
Eigenvalue = -57.436
Difference -5.743599e+01 - -5.743599e+01 = 3.490690e-09
Iteration time in sec 1
MatVec Hopping Down: 0
MatVec Hopping Up: 1
MatVec Diagonal: 0
beta[49]=9.281250e+00
Eigenvalue = -57.436
Difference -5.743599e+01 - -5.743599e+01 = 6.778734e-09
Iteration time in sec 1
MatVec Hopping Down: 0
MatVec Hopping Up: 1
MatVec Diagonal: 0
beta[50]=1.097041e+01
Eigenvalue = -57.436
Difference -5.743599e+01 - -5.743599e+01 = 3.310305e-09
Iteration time in sec 1
MatVec Hopping Down: 1
MatVec Hopping Up: 0
MatVec Diagonal: 0
beta[51]=1.837517e+01
Eigenvalue = -57.436
Difference -5.743599e+01 - -5.743599e+01 = 6.767422e-10
Iteration time in sec 1
MatVec Hopping Down: 1
MatVec Hopping Up: 0
MatVec Diagonal: 0
beta[52]=1.735324e+01
Eigenvalue = -57.436
Difference -5.743599e+01 - -5.743599e+01 = 1.260858e-10
Iteration time in sec 2
MatVec Hopping Down: 0
MatVec Hopping Up: 0
MatVec Diagonal: 0
beta[53]=1.261875e+01
Eigenvalue = -57.436
Difference -5.743599e+01 - -5.743599e+01 = 1.001155e-10
Iteration time in sec 1
MatVec Hopping Down: 0
MatVec Hopping Up: 0
MatVec Diagonal: 0
beta[54]=1.000297e+01
Eigenvalue = -57.436
Difference -5.743599e+01 - -5.743599e+01 = 2.247376e-10
Iteration time in sec 1
MatVec Hopping Down: 0
MatVec Hopping Up: 1
MatVec Diagonal: 0
beta[55]=8.372806e+00
Eigenvalue = -57.436
Difference -5.743599e+01 - -5.743599e+01 = 3.251088e-10
Iteration time in sec 2
MatVec Hopping Down: 0
MatVec Hopping Up: 0
MatVec Diagonal: 0
beta[56]=1.576509e+01
Eigenvalue = -57.436
Difference -5.743599e+01 - -5.743599e+01 = 1.590550e-10
Iteration time in sec 1
MatVec Hopping Down: 0
MatVec Hopping Up: 0
MatVec Diagonal: 0
beta[57]=1.881330e+01
Eigenvalue = -57.436
Difference -5.743599e+01 - -5.743599e+01 = 2.000888e-11
Iteration time in sec 1
MatVec Hopping Down: 0
MatVec Hopping Up: 1
MatVec Diagonal: 0
beta[58]=1.462941e+01
Eigenvalue = -57.436
Difference -5.743599e+01 - -5.743599e+01 = 8.071765e-12
Iteration time in sec 2
MatVec Hopping Down: 0
MatVec Hopping Up: 0
MatVec Diagonal: 0
beta[59]=1.157997e+01
Eigenvalue = -57.436
Difference -5.743599e+01 - -5.743599e+01 = 1.328715e-11
Iteration time in sec 1
MatVec Hopping Down: 0
MatVec Hopping Up: 1
MatVec Diagonal: 0
beta[60]=7.657326e+00
Eigenvalue = -57.436
Difference -5.743599e+01 - -5.743599e+01 = 2.386003e-11
Iteration time in sec 2
MatVec Hopping Down: 0
MatVec Hopping Up: 0
MatVec Diagonal: 0
beta[61]=1.225412e+01
Eigenvalue = -57.436
Difference -5.743599e+01 - -5.743599e+01 = 2.420109e-11
Iteration time in sec 1
MatVec Hopping Down: 0
MatVec Hopping Up: 1
MatVec Diagonal: 0
beta[62]=1.673341e+01
Eigenvalue = -57.436
Difference -5.743599e+01 - -5.743599e+01 = 3.538503e-12
Iteration time in sec 2
MatVec Hopping Down: 0
MatVec Hopping Up: 0
MatVec Diagonal: 0
beta[63]=1.840916e+01
Eigenvalue = -57.436
Difference -5.743599e+01 - -5.743599e+01 = 7.176482e-13
