Number of sites          : 8
Number of up electrons   : 4
Number of down electrons : 4
Number of hoppings       : 7
hopping 0 : 0 1 -1
hopping 1 : 1 2 -1
hopping 2 : 2 3 -1
hopping 3 : 3 4 -1
hopping 4 : 4 5 -1
hopping 5 : 5 6 -1
hopping 6 : 6 7 -1
interaction/mu_up_mu_down 0 : 3 -1.5 -1.5
interaction/mu_up_mu_down 1 : 3 -1.5 -1.5
interaction/mu_up_mu_down 2 : 3 -1.5 -1.5
interaction/mu_up_mu_down 3 : 3 -1.5 -1.5
interaction/mu_up_mu_down 4 : 3 -1.5 -1.5
interaction/mu_up_mu_down 5 : 3 -1.5 -1.5
interaction/mu_up_mu_down 6 : 3 -1.5 -1.5
interaction/mu_up_mu_down 7 : 3 -1.5 -1.5
blockup = 30
set up 70 states
set up 70 states
Setup: 2
MatVec Hopping Down: 0
MatVec Hopping Up: 0
MatVec Diagonal: 0
beta[1]=2.927700e+00
Eigenvalue = 0
Difference 0.000000e+00 - 1.000000e+07 = 1.000000e+07
Iteration time in sec 0
MatVec Hopping Down: 0
MatVec Hopping Up: 1
MatVec Diagonal: 0
beta[2]=4.057836e+00
Eigenvalue = -14
Difference -1.400000e+01 - 0.000000e+00 = 1.400000e+01
Iteration time in sec 1
MatVec Hopping Down: 0
MatVec Hopping Up: 0
MatVec Diagonal: 0
beta[3]=5.046188e+00
Eigenvalue = -15.7022
Difference -1.570219e+01 - -1.400000e+01 = 1.702192e+00
Iteration time in sec 0
MatVec Hopping Down: 0
MatVec Hopping Up: 0
MatVec Diagonal: 0
beta[4]=6.099112e+00
Eigenvalue = -16.3664
Difference -1.636643e+01 - -1.570219e+01 = 6.642338e-01
Iteration time in sec 0
MatVec Hopping Down: 1
MatVec Hopping Up: 0
MatVec Diagonal: 0
beta[5]=4.818757e+00
Eigenvalue = -16.7149
Difference -1.671492e+01 - -1.636643e+01 = 3.484983e-01
Iteration time in sec 1
MatVec Hopping Down: 0
MatVec Hopping Up: 0
MatVec Diagonal: 0
beta[6]=5.560093e+00
Eigenvalue = -16.9553
Difference -1.695529e+01 - -1.671492e+01 = 2.403693e-01
Iteration time in sec 0
MatVec Hopping Down: 0
MatVec Hopping Up: 1
MatVec Diagonal: 0
beta[7]=5.616406e+00
Eigenvalue = -17.0355
Difference -1.703555e+01 - -1.695529e+01 = 8.025381e-02
Iteration time in sec 1
MatVec Hopping Down: 0
MatVec Hopping Up: 0
MatVec Diagonal: 0
beta[8]=5.377033e+00
Eigenvalue = -17.0654
Difference -1.706544e+01 - -1.703555e+01 = 2.989737e-02
Iteration time in sec 0
MatVec Hopping Down: 0
MatVec Hopping Up: 0
MatVec Diagonal: 0
beta[9]=5.585917e+00
Eigenvalue = -17.0779
Difference -1.707786e+01 - -1.706544e+01 = 1.241470e-02
Iteration time in sec 0
MatVec Hopping Down: 1
MatVec Hopping Up: 0
MatVec Diagonal: 0
beta[10]=5.306426e+00
Eigenvalue = -17.0836
Difference -1.708363e+01 - -1.707786e+01 = 5.776061e-03
Iteration time in sec 1
MatVec Hopping Down: 0
MatVec Hopping Up: 0
MatVec Diagonal: 0
beta[11]=5.321177e+00
Eigenvalue = -17.0869
Difference -1.708687e+01 - -1.708363e+01 = 3.236113e-03
Iteration time in sec 0
MatVec Hopping Down: 1
MatVec Hopping Up: 0
MatVec Diagonal: 0
beta[12]=5.256955e+00
Eigenvalue = -17.0887
Difference -1.708870e+01 - -1.708687e+01 = 1.825797e-03
Iteration time in sec 1
MatVec Hopping Down: 0
MatVec Hopping Up: 0
MatVec Diagonal: 0
beta[13]=4.516557e+00
Eigenvalue = -17.0897
Difference -1.708972e+01 - -1.708870e+01 = 1.027907e-03
Iteration time in sec 0
MatVec Hopping Down: 0
MatVec Hopping Up: 1
MatVec Diagonal: 0
beta[14]=4.926990e+00
Eigenvalue = -17.0902
Difference -1.709019e+01 - -1.708972e+01 = 4.657613e-04
Iteration time in sec 1
MatVec Hopping Down: 0
MatVec Hopping Up: 0
MatVec Diagonal: 0
beta[15]=5.610890e+00
Eigenvalue = -17.0903
Difference -1.709032e+01 - -1.709019e+01 = 1.311709e-04
Iteration time in sec 0
MatVec Hopping Down: 0
MatVec Hopping Up: 1
MatVec Diagonal: 0
beta[16]=5.101448e+00
Eigenvalue = -17.0904
Difference -1.709037e+01 - -1.709032e+01 = 4.496867e-05
Iteration time in sec 1
MatVec Hopping Down: 0
MatVec Hopping Up: 0
MatVec Diagonal: 0
beta[17]=5.118389e+00
Eigenvalue = -17.0904
Difference -1.709039e+01 - -1.709037e+01 = 2.445320e-05
Iteration time in sec 0
MatVec Hopping Down: 0
MatVec Hopping Up: 0
MatVec Diagonal: 0
beta[18]=4.756980e+00
Eigenvalue = -17.0904
Difference -1.709040e+01 - -1.709039e+01 = 1.087787e-05
Iteration time in sec 1
MatVec Hopping Down: 0
MatVec Hopping Up: 0
MatVec Diagonal: 0
beta[19]=4.870452e+00
Eigenvalue = -17.0904
Difference -1.709041e+01 - -1.709040e+01 = 4.467635e-06
Iteration time in sec 0
MatVec Hopping Down: 0
MatVec Hopping Up: 0
MatVec Diagonal: 0
beta[20]=4.331617e+00
Eigenvalue = -17.0904
Difference -1.709041e+01 - -1.709041e+01 = 1.460143e-06
Iteration time in sec 1
MatVec Hopping Down: 0
MatVec Hopping Up: 0
MatVec Diagonal: 0
beta[21]=4.828907e+00
Eigenvalue = -17.0904
Difference -1.709041e+01 - -1.709041e+01 = 4.594752e-07
Iteration time in sec 0
MatVec Hopping Down: 0
MatVec Hopping Up: 0
MatVec Diagonal: 0
beta[22]=4.152223e+00
Eigenvalue = -17.0904
Difference -1.709041e+01 - -1.709041e+01 = 1.170016e-07
Iteration time in sec 1
MatVec Hopping Down: 0
MatVec Hopping Up: 0
MatVec Diagonal: 0
beta[23]=4.493715e+00
Eigenvalue = -17.0904
Difference -1.709041e+01 - -1.709041e+01 = 3.509016e-08
Iteration time in sec 0
MatVec Hopping Down: 0
MatVec Hopping Up: 0
MatVec Diagonal: 0
beta[24]=4.602247e+00
Eigenvalue = -17.0904
Difference -1.709041e+01 - -1.709041e+01 = 6.671240e-09
Iteration time in sec 1
MatVec Hopping Down: 0
MatVec Hopping Up: 0
MatVec Diagonal: 0
beta[25]=4.740641e+00
Eigenvalue = -17.0904
Difference -1.709041e+01 - -1.709041e+01 = 1.475424e-09
Iteration time in sec 0
MatVec Hopping Down: 0
MatVec Hopping Up: 1
MatVec Diagonal: 0
beta[26]=5.065327e+00
Eigenvalue = -17.0904
Difference -1.709041e+01 - -1.709041e+01 = 3.806520e-10
Iteration time in sec 1
MatVec Hopping Down: 0
MatVec Hopping Up: 0
MatVec Diagonal: 0
beta[27]=4.363954e+00
Eigenvalue = -17.0904
Difference -1.709041e+01 - -1.709041e+01 = 1.148379e-10
Iteration time in sec 0
MatVec Hopping Down: 0
MatVec Hopping Up: 1
MatVec Diagonal: 0
beta[28]=4.581199e+00
Eigenvalue = -17.0904
Difference -1.709041e+01 - -1.709041e+01 = 5.075051e-11
Iteration time in sec 1
MatVec Hopping Down: 0
MatVec Hopping Up: 0
MatVec Diagonal: 0
beta[29]=5.551947e+00
Eigenvalue = -17.0904
Difference -1.709041e+01 - -1.709041e+01 = 1.596945e-11
Iteration time in sec 0
MatVec Hopping Down: 1
MatVec Hopping Up: 0
MatVec Diagonal: 0
beta[30]=4.667003e+00
Eigenvalue = -17.0904
Difference -1.709041e+01 - -1.709041e+01 = 4.394707e-12
Iteration time in sec 1
MatVec Hopping Down: 0
MatVec Hopping Up: 0
MatVec Diagonal: 0
beta[31]=4.993866e+00
Eigenvalue = -17.0904
Difference -1.709041e+01 - -1.709041e+01 = 2.103206e-12
Iteration time in sec 1
MatVec Hopping Down: 0
MatVec Hopping Up: 0
MatVec Diagonal: 0
beta[32]=4.522592e+00
Eigenvalue = -17.0904
Difference -1.709041e+01 - -1.709041e+01 = 7.389644e-13
