Number of sites          : 12
Number of up electrons   : 6
Number of down electrons : 6
Number of hoppings       : 11
hopping 0 : 0 1 -1
hopping 1 : 1 2 -1
hopping 2 : 2 3 -1
hopping 3 : 3 4 -1
hopping 4 : 4 5 -1
hopping 5 : 5 6 -1
hopping 6 : 6 7 -1
hopping 7 : 7 8 -1
hopping 8 : 8 9 -1
hopping 9 : 9 10 -1
hopping 10 : 10 11 -1
interaction/mu_up_mu_down 0 : 3 -1.5 -1.5
interaction/mu_up_mu_down 1 : 3 -1.5 -1.5
interaction/mu_up_mu_down 2 : 3 -1.5 -1.5
interaction/mu_up_mu_down 3 : 3 -1.5 -1.5
interaction/mu_up_mu_down 4 : 3 -1.5 -1.5
interaction/mu_up_mu_down 5 : 3 -1.5 -1.5
interaction/mu_up_mu_down 6 : 3 -1.5 -1.5
interaction/mu_up_mu_down 7 : 3 -1.5 -1.5
interaction/mu_up_mu_down 8 : 3 -1.5 -1.5
interaction/mu_up_mu_down 9 : 3 -1.5 -1.5
interaction/mu_up_mu_down 10 : 3 -1.5 -1.5
interaction/mu_up_mu_down 11 : 3 -1.5 -1.5
blockup = 30
set up 924 states
set up 924 states
Setup: 282
MatVec Hopping Down: 483
MatVec Hopping Up: 388
MatVec Diagonal: 1
beta[1]=3.580249e+00
Eigenvalue = 0
Difference 0.000000e+00 - 1.000000e+07 = 1.000000e+07
Iteration time in sec 875
MatVec Hopping Down: 387
MatVec Hopping Up: 394
MatVec Diagonal: 2
beta[2]=4.981205e+00
Eigenvalue = -21
Difference -2.100000e+01 - 0.000000e+00 = 2.100000e+01
Iteration time in sec 789
MatVec Hopping Down: 389
MatVec Hopping Up: 390
MatVec Diagonal: 2
beta[3]=6.086566e+00
Eigenvalue = -23.3115
Difference -2.331146e+01 - -2.100000e+01 = 2.311457e+00
Iteration time in sec 786
MatVec Hopping Down: 395
MatVec Hopping Up: 388
MatVec Diagonal: 2
beta[4]=6.966577e+00
Eigenvalue = -24.3348
Difference -2.433475e+01 - -2.331146e+01 = 1.023296e+00
Iteration time in sec 790
MatVec Hopping Down: 393
MatVec Hopping Up: 386
MatVec Diagonal: 2
beta[5]=7.714861e+00
Eigenvalue = -24.8908
Difference -2.489079e+01 - -2.433475e+01 = 5.560382e-01
Iteration time in sec 787
MatVec Hopping Down: 389
MatVec Hopping Up: 396
MatVec Diagonal: 2
beta[6]=8.736943e+00
Eigenvalue = -25.2296
Difference -2.522956e+01 - -2.489079e+01 = 3.387674e-01
Iteration time in sec 792
MatVec Hopping Down: 389
MatVec Hopping Up: 394
MatVec Diagonal: 2
beta[7]=7.891295e+00
Eigenvalue = -25.4542
Difference -2.545424e+01 - -2.522956e+01 = 2.246801e-01
Iteration time in sec 791
MatVec Hopping Down: 386
MatVec Hopping Up: 390
MatVec Diagonal: 2
beta[8]=8.210472e+00
Eigenvalue = -25.6319
Difference -2.563192e+01 - -2.545424e+01 = 1.776815e-01
Iteration time in sec 783
MatVec Hopping Down: 394
MatVec Hopping Up: 385
MatVec Diagonal: 2
beta[9]=8.508902e+00
Eigenvalue = -25.7313
Difference -2.573135e+01 - -2.563192e+01 = 9.942760e-02
Iteration time in sec 787
MatVec Hopping Down: 394
MatVec Hopping Up: 385
MatVec Diagonal: 2
beta[10]=8.440821e+00
Eigenvalue = -25.7825
Difference -2.578246e+01 - -2.573135e+01 = 5.110949e-02
Iteration time in sec 787
MatVec Hopping Down: 390
MatVec Hopping Up: 398
MatVec Diagonal: 2
beta[11]=8.367996e+00
Eigenvalue = -25.8093
Difference -2.580931e+01 - -2.578246e+01 = 2.684938e-02
Iteration time in sec 795
MatVec Hopping Down: 386
MatVec Hopping Up: 423
MatVec Diagonal: 2
beta[12]=8.483062e+00
Eigenvalue = -25.8236
Difference -2.582361e+01 - -2.580931e+01 = 1.430010e-02
Iteration time in sec 817
MatVec Hopping Down: 521
MatVec Hopping Up: 584
MatVec Diagonal: 2
beta[13]=8.447088e+00
Eigenvalue = -25.8314
Difference -2.583135e+01 - -2.582361e+01 = 7.746500e-03
Iteration time in sec 1116
MatVec Hopping Down: 592
MatVec Hopping Up: 628
MatVec Diagonal: 2
beta[14]=8.304774e+00
Eigenvalue = -25.836
Difference -2.583596e+01 - -2.583135e+01 = 4.606010e-03
Iteration time in sec 1231
MatVec Hopping Down: 483
MatVec Hopping Up: 394
MatVec Diagonal: 2
beta[15]=8.339135e+00
Eigenvalue = -25.839
Difference -2.583898e+01 - -2.583596e+01 = 3.024783e-03
Iteration time in sec 887
MatVec Hopping Down: 386
MatVec Hopping Up: 396
MatVec Diagonal: 2
beta[16]=8.373823e+00
Eigenvalue = -25.841
Difference -2.584103e+01 - -2.583898e+01 = 2.048173e-03
Iteration time in sec 790
MatVec Hopping Down: 386
MatVec Hopping Up: 389
MatVec Diagonal: 2
beta[17]=8.149809e+00
Eigenvalue = -25.8425
Difference -2.584246e+01 - -2.584103e+01 = 1.428995e-03
Iteration time in sec 782
MatVec Hopping Down: 396
MatVec Hopping Up: 384
MatVec Diagonal: 2
beta[18]=7.976959e+00
Eigenvalue = -25.8435
Difference -2.584347e+01 - -2.584246e+01 = 1.006663e-03
Iteration time in sec 787
MatVec Hopping Down: 395
MatVec Hopping Up: 387
MatVec Diagonal: 2
beta[19]=8.077224e+00
Eigenvalue = -25.8441
Difference -2.584410e+01 - -2.584347e+01 = 6.341060e-04
Iteration time in sec 790
MatVec Hopping Down: 391
MatVec Hopping Up: 394
MatVec Diagonal: 2
beta[20]=7.917027e+00
Eigenvalue = -25.8444
Difference -2.584445e+01 - -2.584410e+01 = 3.437679e-04
Iteration time in sec 792
MatVec Hopping Down: 386
MatVec Hopping Up: 394
MatVec Diagonal: 2
beta[21]=8.124620e+00
Eigenvalue = -25.8446
Difference -2.584462e+01 - -2.584445e+01 = 1.721960e-04
Iteration time in sec 788
MatVec Hopping Down: 386
MatVec Hopping Up: 389
MatVec Diagonal: 2
beta[22]=8.249982e+00
Eigenvalue = -25.8447
Difference -2.584470e+01 - -2.584462e+01 = 7.952400e-05
Iteration time in sec 783
MatVec Hopping Down: 394
MatVec Hopping Up: 386
MatVec Diagonal: 2
beta[23]=8.350283e+00
Eigenvalue = -25.8447
Difference -2.584474e+01 - -2.584470e+01 = 4.208924e-05
Iteration time in sec 788
MatVec Hopping Down: 392
MatVec Hopping Up: 385
MatVec Diagonal: 2
beta[24]=8.011800e+00
Eigenvalue = -25.8448
Difference -2.584477e+01 - -2.584474e+01 = 2.599027e-05
Iteration time in sec 785
MatVec Hopping Down: 392
MatVec Hopping Up: 395
MatVec Diagonal: 2
beta[25]=8.097710e+00
Eigenvalue = -25.8448
Difference -2.584478e+01 - -2.584477e+01 = 1.730898e-05
Iteration time in sec 794
MatVec Hopping Down: 386
MatVec Hopping Up: 385
MatVec Diagonal: 2
beta[26]=7.909018e+00
Eigenvalue = -25.8448
Difference -2.584479e+01 - -2.584478e+01 = 9.895776e-06
Iteration time in sec 779
MatVec Hopping Down: 393
MatVec Hopping Up: 391
MatVec Diagonal: 2
beta[27]=8.032694e+00
Eigenvalue = -25.8448
Difference -2.584480e+01 - -2.584479e+01 = 5.249941e-06
Iteration time in sec 792
MatVec Hopping Down: 395
MatVec Hopping Up: 386
MatVec Diagonal: 2
beta[28]=7.926403e+00
Eigenvalue = -25.8448
Difference -2.584480e+01 - -2.584480e+01 = 2.539857e-06
Iteration time in sec 788
MatVec Hopping Down: 386
MatVec Hopping Up: 396
MatVec Diagonal: 2
beta[29]=7.734409e+00
Eigenvalue = -25.8448
Difference -2.584480e+01 - -2.584480e+01 = 1.187237e-06
Iteration time in sec 789
MatVec Hopping Down: 391
MatVec Hopping Up: 396
MatVec Diagonal: 2
beta[30]=7.722670e+00
Eigenvalue = -25.8448
Difference -2.584480e+01 - -2.584480e+01 = 5.254986e-07
Iteration time in sec 794
MatVec Hopping Down: 386
MatVec Hopping Up: 389
MatVec Diagonal: 2
beta[31]=7.731415e+00
Eigenvalue = -25.8448
Difference -2.584480e+01 - -2.584480e+01 = 2.229222e-07
Iteration time in sec 782
MatVec Hopping Down: 393
MatVec Hopping Up: 387
MatVec Diagonal: 1
beta[32]=7.886486e+00
Eigenvalue = -25.8448
Difference -2.584480e+01 - -2.584480e+01 = 9.578493e-08
Iteration time in sec 786
MatVec Hopping Down: 399
MatVec Hopping Up: 385
MatVec Diagonal: 2
beta[33]=7.396758e+00
Eigenvalue = -25.8448
Difference -2.584480e+01 - -2.584480e+01 = 4.048876e-08
Iteration time in sec 792
MatVec Hopping Down: 386
MatVec Hopping Up: 396
MatVec Diagonal: 2
beta[34]=7.478455e+00
Eigenvalue = -25.8448
Difference -2.584480e+01 - -2.584480e+01 = 1.754250e-08
Iteration time in sec 790
MatVec Hopping Down: 386
MatVec Hopping Up: 403
MatVec Diagonal: 2
beta[35]=8.026760e+00
Eigenvalue = -25.8448
Difference -2.584480e+01 - -2.584480e+01 = 6.336503e-09
Iteration time in sec 796
MatVec Hopping Down: 386
MatVec Hopping Up: 386
MatVec Diagonal: 1
beta[36]=8.210805e+00
Eigenvalue = -25.8448
Difference -2.584480e+01 - -2.584480e+01 = 2.204803e-09
Iteration time in sec 779
MatVec Hopping Down: 394
MatVec Hopping Up: 386
MatVec Diagonal: 2
beta[37]=7.905834e+00
Eigenvalue = -25.8448
Difference -2.584480e+01 - -2.584480e+01 = 1.012829e-09
Iteration time in sec 788
MatVec Hopping Down: 411
MatVec Hopping Up: 399
MatVec Diagonal: 2
beta[38]=7.810246e+00
Eigenvalue = -25.8448
Difference -2.584480e+01 - -2.584480e+01 = 5.945999e-10
Iteration time in sec 818
MatVec Hopping Down: 386
MatVec Hopping Up: 395
MatVec Diagonal: 2
beta[39]=7.936081e+00
Eigenvalue = -25.8448
Difference -2.584480e+01 - -2.584480e+01 = 3.287752e-10
Iteration time in sec 789
MatVec Hopping Down: 386
MatVec Hopping Up: 402
MatVec Diagonal: 2
beta[40]=7.832441e+00
Eigenvalue = -25.8448
Difference -2.584480e+01 - -2.584480e+01 = 1.609592e-10
Iteration time in sec 796
MatVec Hopping Down: 386
MatVec Hopping Up: 386
MatVec Diagonal: 3
beta[41]=7.849422e+00
Eigenvalue = -25.8448
Difference -2.584480e+01 - -2.584480e+01 = 7.875300e-11
Iteration time in sec 780
MatVec Hopping Down: 394
MatVec Hopping Up: 387
MatVec Diagonal: 2
beta[42]=7.677962e+00
Eigenvalue = -25.8448
Difference -2.584480e+01 - -2.584480e+01 = 3.751310e-11
Iteration time in sec 788
MatVec Hopping Down: 398
MatVec Hopping Up: 386
MatVec Diagonal: 2
beta[43]=8.180803e+00
Eigenvalue = -25.8448
Difference -2.584480e+01 - -2.584480e+01 = 1.722711e-11
Iteration time in sec 792
MatVec Hopping Down: 389
MatVec Hopping Up: 395
MatVec Diagonal: 2
beta[44]=7.973715e+00
Eigenvalue = -25.8448
Difference -2.584480e+01 - -2.584480e+01 = 7.521095e-12
Iteration time in sec 793
MatVec Hopping Down: 386
MatVec Hopping Up: 392
MatVec Diagonal: 2
beta[45]=7.554444e+00
Eigenvalue = -25.8448
Difference -2.584480e+01 - -2.584480e+01 = 3.733902e-12
Iteration time in sec 786
MatVec Hopping Down: 392
MatVec Hopping Up: 386
MatVec Diagonal: 2
beta[46]=7.641592e+00
Eigenvalue = -25.8448
Difference -2.584480e+01 - -2.584480e+01 = 1.964651e-12
Iteration time in sec 787
MatVec Hopping Down: 394
MatVec Hopping Up: 386
MatVec Diagonal: 2
beta[47]=7.871274e+00
Eigenvalue = -25.8448
Difference -2.584480e+01 - -2.584480e+01 = 8.419931e-13
