Number of sites          : 8
Number of up electrons   : 4
Number of down electrons : 4
Number of hoppings       : 7
hopping 0 : 0 1 -1
hopping 1 : 1 2 -1
hopping 2 : 2 3 -1
hopping 3 : 3 4 -1
hopping 4 : 4 5 -1
hopping 5 : 5 6 -1
hopping 6 : 6 7 -1
interaction/mu_up_mu_down 0 : 0 -0 -0
interaction/mu_up_mu_down 1 : 0 -0 -0
interaction/mu_up_mu_down 2 : 0 -0 -0
interaction/mu_up_mu_down 3 : 0 -0 -0
interaction/mu_up_mu_down 4 : 0 -0 -0
interaction/mu_up_mu_down 5 : 0 -0 -0
interaction/mu_up_mu_down 6 : 0 -0 -0
interaction/mu_up_mu_down 7 : 0 -0 -0
blockup = 30
set up 70 states
set up 70 states
Setup: 2
MatVec Hopping Down: 0
MatVec Hopping Up: 1
MatVec Diagonal: 0
beta[1]=1.851640e+00
Eigenvalue = 0
Difference 0.000000e+00 - 1.000000e+07 = 1.000000e+07
Iteration time in sec 1
MatVec Hopping Down: 0
MatVec Hopping Up: 1
MatVec Diagonal: 0
beta[2]=2.463705e+00
Eigenvalue = -8
Difference -8.000000e+00 - 0.000000e+00 = 8.000000e+00
Iteration time in sec 1
MatVec Hopping Down: 0
MatVec Hopping Up: 0
MatVec Diagonal: 0
beta[3]=3.093472e+00
Eigenvalue = -9.02187
Difference -9.021868e+00 - -8.000000e+00 = 1.021868e+00
Iteration time in sec 0
MatVec Hopping Down: 1
MatVec Hopping Up: 0
MatVec Diagonal: 0
beta[4]=3.749467e+00
Eigenvalue = -9.32897
Difference -9.328972e+00 - -9.021868e+00 = 3.071044e-01
Iteration time in sec 1
MatVec Hopping Down: 1
MatVec Hopping Up: 0
MatVec Diagonal: 0
beta[5]=4.058012e+00
Eigenvalue = -9.4401
Difference -9.440098e+00 - -9.328972e+00 = 1.111259e-01
Iteration time in sec 1
MatVec Hopping Down: 0
MatVec Hopping Up: 1
MatVec Diagonal: 0
beta[6]=4.533891e+00
Eigenvalue = -9.4878
Difference -9.487803e+00 - -9.440098e+00 = 4.770513e-02
Iteration time in sec 1
MatVec Hopping Down: 0
MatVec Hopping Up: 0
MatVec Diagonal: 0
beta[7]=4.663389e+00
Eigenvalue = -9.50662
Difference -9.506622e+00 - -9.487803e+00 = 1.881847e-02
Iteration time in sec 1
MatVec Hopping Down: 0
MatVec Hopping Up: 0
MatVec Diagonal: 0
beta[8]=4.406046e+00
Eigenvalue = -9.514
Difference -9.514000e+00 - -9.506622e+00 = 7.377909e-03
Iteration time in sec 1
MatVec Hopping Down: 0
MatVec Hopping Up: 0
MatVec Diagonal: 0
beta[9]=4.259490e+00
Eigenvalue = -9.51661
Difference -9.516613e+00 - -9.514000e+00 = 2.613044e-03
Iteration time in sec 0
MatVec Hopping Down: 1
MatVec Hopping Up: 0
MatVec Diagonal: 0
beta[10]=4.063176e+00
Eigenvalue = -9.51733
Difference -9.517332e+00 - -9.516613e+00 = 7.195330e-04
Iteration time in sec 1
MatVec Hopping Down: 1
MatVec Hopping Up: 0
MatVec Diagonal: 0
beta[11]=3.742698e+00
Eigenvalue = -9.5175
Difference -9.517498e+00 - -9.517332e+00 = 1.655377e-04
Iteration time in sec 1
MatVec Hopping Down: 0
MatVec Hopping Up: 1
MatVec Diagonal: 0
beta[12]=4.185036e+00
Eigenvalue = -9.51753
Difference -9.517532e+00 - -9.517498e+00 = 3.426766e-05
Iteration time in sec 1
MatVec Hopping Down: 0
MatVec Hopping Up: 0
MatVec Diagonal: 0
beta[13]=4.466653e+00
Eigenvalue = -9.51754
Difference -9.517538e+00 - -9.517532e+00 = 6.447590e-06
Iteration time in sec 1
MatVec Hopping Down: 0
MatVec Hopping Up: 0
MatVec Diagonal: 0
beta[14]=4.034134e+00
Eigenvalue = -9.51754
Difference -9.517540e+00 - -9.517538e+00 = 1.762768e-06
Iteration time in sec 0
MatVec Hopping Down: 1
MatVec Hopping Up: 0
MatVec Diagonal: 0
beta[15]=3.514420e+00
Eigenvalue = -9.51754
Difference -9.517541e+00 - -9.517540e+00 = 6.527313e-07
Iteration time in sec 1
MatVec Hopping Down: 0
MatVec Hopping Up: 0
MatVec Diagonal: 0
beta[16]=3.351696e+00
Eigenvalue = -9.51754
Difference -9.517541e+00 - -9.517541e+00 = 1.827667e-07
Iteration time in sec 0
MatVec Hopping Down: 0
MatVec Hopping Up: 0
MatVec Diagonal: 0
beta[17]=3.503108e+00
Eigenvalue = -9.51754
Difference -9.517541e+00 - -9.517541e+00 = 3.014137e-08
Iteration time in sec 1
MatVec Hopping Down: 0
MatVec Hopping Up: 0
MatVec Diagonal: 0
beta[18]=3.412123e+00
Eigenvalue = -9.51754
Difference -9.517541e+00 - -9.517541e+00 = 4.258824e-09
Iteration time in sec 0
MatVec Hopping Down: 1
MatVec Hopping Up: 0
MatVec Diagonal: 0
beta[19]=3.483755e+00
Eigenvalue = -9.51754
Difference -9.517541e+00 - -9.517541e+00 = 7.424692e-10
Iteration time in sec 1
MatVec Hopping Down: 0
MatVec Hopping Up: 0
MatVec Diagonal: 0
beta[20]=4.142939e+00
Eigenvalue = -9.51754
Difference -9.517541e+00 - -9.517541e+00 = 1.265601e-10
Iteration time in sec 0
MatVec Hopping Down: 1
MatVec Hopping Up: 0
MatVec Diagonal: 0
beta[21]=3.062029e+00
Eigenvalue = -9.51754
Difference -9.517541e+00 - -9.517541e+00 = 2.196110e-11
Iteration time in sec 1
MatVec Hopping Down: 0
MatVec Hopping Up: 0
MatVec Diagonal: 0
beta[22]=3.492576e+00
Eigenvalue = -9.51754
Difference -9.517541e+00 - -9.517541e+00 = 5.583090e-12
Iteration time in sec 0
MatVec Hopping Down: 1
MatVec Hopping Up: 0
MatVec Diagonal: 0
beta[23]=3.325319e+00
Eigenvalue = -9.51754
Difference -9.517541e+00 - -9.517541e+00 = 9.663381e-13
