Number of sites          : 4
Number of up electrons   : 2
Number of down electrons : 2
Number of hoppings       : 3
hopping 0 : 0 1 -1
hopping 1 : 1 2 -1
hopping 2 : 2 3 -1
interaction/mu_up_mu_down 0 : 0 -0 -0
interaction/mu_up_mu_down 1 : 0 -0 -0
interaction/mu_up_mu_down 2 : 0 -0 -0
interaction/mu_up_mu_down 3 : 0 -0 -0
blockup = 30
set up 6 states
set up 6 states
Setup: 0
MatVec Hopping Down: 0
MatVec Hopping Up: 0
MatVec Diagonal: 0
beta[1]=1.154701e+00
Eigenvalue = 6.89952e-310
Difference 6.899516e-310 - 1.000000e+07 = 1.000000e+07
Iteration time in sec 0
MatVec Hopping Down: 0
MatVec Hopping Up: 0
MatVec Diagonal: 0
beta[2]=1.632993e+00
Eigenvalue = -4
Difference -4.000000e+00 - 6.899516e-310 = 4.000000e+00
Iteration time in sec 0
MatVec Hopping Down: 0
MatVec Hopping Up: 0
MatVec Diagonal: 0
beta[3]=2.291288e+00
Eigenvalue = -4.39297
Difference -4.392969e+00 - -4.000000e+00 = 3.929694e-01
Iteration time in sec 1
MatVec Hopping Down: 0
MatVec Hopping Up: 0
MatVec Diagonal: 0
beta[4]=1.399708e+00
Eigenvalue = -4.4568
Difference -4.456805e+00 - -4.392969e+00 = 6.383553e-02
Iteration time in sec 0
MatVec Hopping Down: 0
MatVec Hopping Up: 0
MatVec Diagonal: 0
beta[5]=6.319653e-15
Eigenvalue = -4.47132
Difference -4.471324e+00 - -4.456805e+00 = 1.451932e-02
Iteration time in sec 0
MatVec Hopping Down: 0
MatVec Hopping Up: 0
MatVec Diagonal: 0
beta[6]=7.552308e-01
Eigenvalue = -4.47214
Difference -4.472136e+00 - -4.471324e+00 = 8.116612e-04
Iteration time in sec 0
MatVec Hopping Down: 0
MatVec Hopping Up: 0
MatVec Diagonal: 0
beta[7]=2.278629e+00
Eigenvalue = -4.47214
Difference -4.472136e+00 - -4.472136e+00 = 1.776357e-15
