Number of sites          : 4
Number of up electrons   : 2
Number of down electrons : 2
Number of hoppings       : 3
hopping 0 : 0 1 -1
hopping 1 : 1 2 -1
hopping 2 : 2 3 -1
interaction/mu_up_mu_down 0 : 4 -2 -2
interaction/mu_up_mu_down 1 : 4 -2 -2
interaction/mu_up_mu_down 2 : 4 -2 -2
interaction/mu_up_mu_down 3 : 4 -2 -2
blockup = 30
set up 6 states
set up 6 states
Setup: 0
MatVec Hopping Down: 0
MatVec Hopping Up: 0
MatVec Diagonal: 0
beta[1]=2.581989e+00
Eigenvalue = 6.91776e-310
Difference 6.917765e-310 - 1.000000e+07 = 1.000000e+07
Iteration time in sec 0
MatVec Hopping Down: 0
MatVec Hopping Up: 0
MatVec Diagonal: 0
beta[2]=3.953058e+00
Eigenvalue = -8
Difference -8.000000e+00 - 6.917765e-310 = 8.000000e+00
Iteration time in sec 0
MatVec Hopping Down: 0
MatVec Hopping Up: 0
MatVec Diagonal: 0
beta[3]=1.778885e+00
Eigenvalue = -9.30572
Difference -9.305724e+00 - -8.000000e+00 = 1.305724e+00
Iteration time in sec 0
MatVec Hopping Down: 0
MatVec Hopping Up: 0
MatVec Diagonal: 0
beta[4]=3.143518e+00
Eigenvalue = -9.89414
Difference -9.894139e+00 - -9.305724e+00 = 5.884154e-01
Iteration time in sec 0
MatVec Hopping Down: 0
MatVec Hopping Up: 0
MatVec Diagonal: 0
beta[5]=2.900146e+00
Eigenvalue = -9.93353
Difference -9.933533e+00 - -9.894139e+00 = 3.939356e-02
Iteration time in sec 0
MatVec Hopping Down: 0
MatVec Hopping Up: 0
MatVec Diagonal: 0
beta[6]=1.560332e+00
Eigenvalue = -9.94569
Difference -9.945690e+00 - -9.933533e+00 = 1.215722e-02
Iteration time in sec 0
MatVec Hopping Down: 0
MatVec Hopping Up: 0
MatVec Diagonal: 0
beta[7]=2.395433e+00
Eigenvalue = -9.95227
Difference -9.952275e+00 - -9.945690e+00 = 6.584401e-03
Iteration time in sec 0
MatVec Hopping Down: 0
MatVec Hopping Up: 0
MatVec Diagonal: 1
beta[8]=3.221360e+00
Eigenvalue = -9.95292
Difference -9.952917e+00 - -9.952275e+00 = 6.419099e-04
Iteration time in sec 1
MatVec Hopping Down: 0
MatVec Hopping Up: 0
MatVec Diagonal: 0
beta[9]=8.010196e-01
Eigenvalue = -9.95306
Difference -9.953060e+00 - -9.952917e+00 = 1.433029e-04
Iteration time in sec 0
MatVec Hopping Down: 0
MatVec Hopping Up: 0
MatVec Diagonal: 0
beta[10]=2.618809e-13
Eigenvalue = -9.95314
Difference -9.953143e+00 - -9.953060e+00 = 8.349652e-05
Iteration time in sec 0
MatVec Hopping Down: 0
MatVec Hopping Up: 0
MatVec Diagonal: 0
beta[11]=1.816588e+00
Eigenvalue = -9.95315
Difference -9.953145e+00 - -9.953143e+00 = 2.009023e-06
Iteration time in sec 0
MatVec Hopping Down: 0
MatVec Hopping Up: 0
MatVec Diagonal: 0
beta[12]=6.352092e-01
Eigenvalue = -9.95315
Difference -9.953145e+00 - -9.953145e+00 = 1.243450e-14
