Number of sites          : 8
Number of up electrons   : 4
Number of down electrons : 4
Number of hoppings       : 7
hopping 0 : 0 1 -1
hopping 1 : 1 2 -1
hopping 2 : 2 3 -1
hopping 3 : 3 4 -1
hopping 4 : 4 5 -1
hopping 5 : 5 6 -1
hopping 6 : 6 7 -1
interaction/mu_up_mu_down 0 : 16 -8 -8
interaction/mu_up_mu_down 1 : 16 -8 -8
interaction/mu_up_mu_down 2 : 16 -8 -8
interaction/mu_up_mu_down 3 : 16 -8 -8
interaction/mu_up_mu_down 4 : 16 -8 -8
interaction/mu_up_mu_down 5 : 16 -8 -8
interaction/mu_up_mu_down 6 : 16 -8 -8
interaction/mu_up_mu_down 7 : 16 -8 -8
blockup = 30
set up 70 states
set up 70 states
Setup: 2
MatVec Hopping Down: 0
MatVec Hopping Up: 0
MatVec Diagonal: 0
beta[1]=1.223578e+01
Eigenvalue = 0
Difference 0.000000e+00 - 1.000000e+07 = 1.000000e+07
Iteration time in sec 0
MatVec Hopping Down: 0
MatVec Hopping Up: 1
MatVec Diagonal: 0
beta[2]=1.643823e+01
Eigenvalue = -40
Difference -4.000000e+01 - 0.000000e+00 = 4.000000e+01
Iteration time in sec 1
MatVec Hopping Down: 0
MatVec Hopping Up: 0
MatVec Diagonal: 0
beta[3]=1.928325e+01
Eigenvalue = -50.4142
Difference -5.041418e+01 - -4.000000e+01 = 1.041418e+01
Iteration time in sec 0
MatVec Hopping Down: 0
MatVec Hopping Up: 0
MatVec Diagonal: 0
beta[4]=2.315789e+01
Eigenvalue = -56.5765
Difference -5.657654e+01 - -5.041418e+01 = 6.162363e+00
Iteration time in sec 1
MatVec Hopping Down: 0
MatVec Hopping Up: 0
MatVec Diagonal: 0
beta[5]=4.274568e+00
Eigenvalue = -60.885
Difference -6.088498e+01 - -5.657654e+01 = 4.308444e+00
Iteration time in sec 0
MatVec Hopping Down: 0
MatVec Hopping Up: 0
MatVec Diagonal: 0
beta[6]=1.385607e+01
Eigenvalue = -64.9919
Difference -6.499189e+01 - -6.088498e+01 = 4.106905e+00
Iteration time in sec 0
MatVec Hopping Down: 1
MatVec Hopping Up: 0
MatVec Diagonal: 0
beta[7]=1.795395e+01
Eigenvalue = -65.0777
Difference -6.507769e+01 - -6.499189e+01 = 8.580499e-02
Iteration time in sec 1
MatVec Hopping Down: 0
MatVec Hopping Up: 0
MatVec Diagonal: 0
beta[8]=1.996994e+01
Eigenvalue = -65.0959
Difference -6.509593e+01 - -6.507769e+01 = 1.823193e-02
Iteration time in sec 0
MatVec Hopping Down: 0
MatVec Hopping Up: 1
MatVec Diagonal: 0
beta[9]=2.031569e+01
Eigenvalue = -65.1057
Difference -6.510572e+01 - -6.509593e+01 = 9.794774e-03
Iteration time in sec 1
MatVec Hopping Down: 0
MatVec Hopping Up: 0
MatVec Diagonal: 0
beta[10]=6.409848e+00
Eigenvalue = -65.1171
Difference -6.511714e+01 - -6.510572e+01 = 1.141585e-02
Iteration time in sec 0
MatVec Hopping Down: 0
MatVec Hopping Up: 0
MatVec Diagonal: 0
beta[11]=1.441007e+01
Eigenvalue = -65.1956
Difference -6.519556e+01 - -6.511714e+01 = 7.842535e-02
Iteration time in sec 0
MatVec Hopping Down: 1
MatVec Hopping Up: 0
MatVec Diagonal: 0
beta[12]=1.386991e+01
Eigenvalue = -65.2228
Difference -6.522281e+01 - -6.519556e+01 = 2.725073e-02
Iteration time in sec 1
MatVec Hopping Down: 0
MatVec Hopping Up: 0
MatVec Diagonal: 0
beta[13]=2.168854e+01
Eigenvalue = -65.2306
Difference -6.523064e+01 - -6.522281e+01 = 7.824910e-03
Iteration time in sec 0
MatVec Hopping Down: 1
MatVec Hopping Up: 0
MatVec Diagonal: 0
beta[14]=1.969869e+01
Eigenvalue = -65.2328
Difference -6.523280e+01 - -6.523064e+01 = 2.162112e-03
Iteration time in sec 1
MatVec Hopping Down: 0
MatVec Hopping Up: 0
MatVec Diagonal: 0
beta[15]=8.912576e+00
Eigenvalue = -65.2349
Difference -6.523492e+01 - -6.523280e+01 = 2.116970e-03
Iteration time in sec 0
MatVec Hopping Down: 0
MatVec Hopping Up: 1
MatVec Diagonal: 0
beta[16]=1.334169e+01
Eigenvalue = -65.2452
Difference -6.524515e+01 - -6.523492e+01 = 1.023693e-02
Iteration time in sec 1
MatVec Hopping Down: 0
MatVec Hopping Up: 0
MatVec Diagonal: 0
beta[17]=1.180850e+01
Eigenvalue = -65.2529
Difference -6.525286e+01 - -6.524515e+01 = 7.703374e-03
Iteration time in sec 0
MatVec Hopping Down: 0
MatVec Hopping Up: 1
MatVec Diagonal: 0
beta[18]=1.980916e+01
Eigenvalue = -65.2558
Difference -6.525576e+01 - -6.525286e+01 = 2.899099e-03
Iteration time in sec 1
MatVec Hopping Down: 0
MatVec Hopping Up: 0
MatVec Diagonal: 0
beta[19]=2.208526e+01
Eigenvalue = -65.2564
Difference -6.525638e+01 - -6.525576e+01 = 6.269426e-04
Iteration time in sec 0
MatVec Hopping Down: 0
MatVec Hopping Up: 1
MatVec Diagonal: 0
beta[20]=1.111561e+01
Eigenvalue = -65.2568
Difference -6.525676e+01 - -6.525638e+01 = 3.734714e-04
Iteration time in sec 1
MatVec Hopping Down: 0
MatVec Hopping Up: 0
MatVec Diagonal: 0
beta[21]=1.239969e+01
Eigenvalue = -65.2583
Difference -6.525827e+01 - -6.525676e+01 = 1.508718e-03
Iteration time in sec 0
MatVec Hopping Down: 0
MatVec Hopping Up: 1
MatVec Diagonal: 0
beta[22]=9.716062e+00
Eigenvalue = -65.2603
Difference -6.526028e+01 - -6.525827e+01 = 2.014716e-03
Iteration time in sec 1
MatVec Hopping Down: 0
MatVec Hopping Up: 0
MatVec Diagonal: 0
beta[23]=1.503473e+01
Eigenvalue = -65.2613
Difference -6.526126e+01 - -6.526028e+01 = 9.830078e-04
Iteration time in sec 0
MatVec Hopping Down: 0
MatVec Hopping Up: 1
MatVec Diagonal: 0
beta[24]=2.294805e+01
Eigenvalue = -65.2614
Difference -6.526142e+01 - -6.526126e+01 = 1.610731e-04
Iteration time in sec 1
MatVec Hopping Down: 0
MatVec Hopping Up: 0
MatVec Diagonal: 0
beta[25]=1.627108e+01
Eigenvalue = -65.2615
Difference -6.526146e+01 - -6.526142e+01 = 3.998001e-05
Iteration time in sec 0
MatVec Hopping Down: 1
MatVec Hopping Up: 0
MatVec Diagonal: 0
beta[26]=1.393633e+01
Eigenvalue = -65.2615
Difference -6.526153e+01 - -6.526146e+01 = 6.901799e-05
Iteration time in sec 1
MatVec Hopping Down: 0
MatVec Hopping Up: 0
MatVec Diagonal: 0
beta[27]=9.201721e+00
Eigenvalue = -65.2617
Difference -6.526169e+01 - -6.526153e+01 = 1.558501e-04
Iteration time in sec 0
MatVec Hopping Down: 1
MatVec Hopping Up: 0
MatVec Diagonal: 0
beta[28]=1.198791e+01
Eigenvalue = -65.2619
Difference -6.526192e+01 - -6.526169e+01 = 2.324632e-04
Iteration time in sec 1
MatVec Hopping Down: 0
MatVec Hopping Up: 0
MatVec Diagonal: 0
beta[29]=2.178345e+01
Eigenvalue = -65.262
Difference -6.526199e+01 - -6.526192e+01 = 6.474373e-05
Iteration time in sec 1
MatVec Hopping Down: 0
MatVec Hopping Up: 0
MatVec Diagonal: 0
beta[30]=1.913285e+01
Eigenvalue = -65.262
Difference -6.526200e+01 - -6.526199e+01 = 1.071703e-05
Iteration time in sec 0
MatVec Hopping Down: 0
MatVec Hopping Up: 1
MatVec Diagonal: 0
beta[31]=1.505968e+01
Eigenvalue = -65.262
Difference -6.526201e+01 - -6.526200e+01 = 1.148164e-05
Iteration time in sec 1
MatVec Hopping Down: 0
MatVec Hopping Up: 0
MatVec Diagonal: 0
beta[32]=8.754769e+00
Eigenvalue = -65.262
Difference -6.526203e+01 - -6.526201e+01 = 2.679002e-05
Iteration time in sec 1
MatVec Hopping Down: 0
MatVec Hopping Up: 0
MatVec Diagonal: 0
beta[33]=9.789804e+00
Eigenvalue = -65.2621
Difference -6.526210e+01 - -6.526203e+01 = 6.277947e-05
Iteration time in sec 0
MatVec Hopping Down: 0
MatVec Hopping Up: 1
MatVec Diagonal: 0
beta[34]=1.737253e+01
Eigenvalue = -65.2621
Difference -6.526212e+01 - -6.526210e+01 = 2.396634e-05
Iteration time in sec 1
MatVec Hopping Down: 0
MatVec Hopping Up: 0
MatVec Diagonal: 0
beta[35]=2.054194e+01
Eigenvalue = -65.2621
Difference -6.526212e+01 - -6.526212e+01 = 2.646110e-06
Iteration time in sec 1
MatVec Hopping Down: 0
MatVec Hopping Up: 0
MatVec Diagonal: 0
beta[36]=1.838111e+01
Eigenvalue = -65.2621
Difference -6.526213e+01 - -6.526212e+01 = 1.118104e-06
Iteration time in sec 0
MatVec Hopping Down: 1
MatVec Hopping Up: 0
MatVec Diagonal: 0
beta[37]=1.088029e+01
Eigenvalue = -65.2621
Difference -6.526213e+01 - -6.526213e+01 = 1.451504e-06
Iteration time in sec 1
MatVec Hopping Down: 0
MatVec Hopping Up: 0
MatVec Diagonal: 0
beta[38]=1.029854e+01
Eigenvalue = -65.2621
Difference -6.526213e+01 - -6.526213e+01 = 3.996934e-06
Iteration time in sec 1
MatVec Hopping Down: 0
MatVec Hopping Up: 0
MatVec Diagonal: 0
beta[39]=1.257863e+01
Eigenvalue = -65.2621
Difference -6.526213e+01 - -6.526213e+01 = 3.790298e-06
Iteration time in sec 1
MatVec Hopping Down: 0
MatVec Hopping Up: 0
MatVec Diagonal: 0
beta[40]=1.449978e+01
Eigenvalue = -65.2621
Difference -6.526214e+01 - -6.526213e+01 = 7.440656e-07
Iteration time in sec 0
MatVec Hopping Down: 1
MatVec Hopping Up: 0
MatVec Diagonal: 0
beta[41]=2.368982e+01
Eigenvalue = -65.2621
Difference -6.526214e+01 - -6.526214e+01 = 1.644513e-07
Iteration time in sec 1
MatVec Hopping Down: 0
MatVec Hopping Up: 1
MatVec Diagonal: 0
beta[42]=1.367373e+01
Eigenvalue = -65.2621
Difference -6.526214e+01 - -6.526214e+01 = 4.595158e-08
Iteration time in sec 1
MatVec Hopping Down: 0
MatVec Hopping Up: 0
MatVec Diagonal: 0
beta[43]=9.870056e+00
Eigenvalue = -65.2621
Difference -6.526214e+01 - -6.526214e+01 = 1.052585e-07
Iteration time in sec 1
MatVec Hopping Down: 0
MatVec Hopping Up: 0
MatVec Diagonal: 0
beta[44]=1.215487e+01
Eigenvalue = -65.2621
Difference -6.526214e+01 - -6.526214e+01 = 2.679294e-07
Iteration time in sec 1
MatVec Hopping Down: 0
MatVec Hopping Up: 0
MatVec Diagonal: 0
beta[45]=1.090579e+01
Eigenvalue = -65.2621
Difference -6.526214e+01 - -6.526214e+01 = 9.895557e-08
Iteration time in sec 1
MatVec Hopping Down: 0
MatVec Hopping Up: 0
MatVec Diagonal: 0
beta[46]=2.151285e+01
Eigenvalue = -65.2621
Difference -6.526214e+01 - -6.526214e+01 = 2.533986e-08
Iteration time in sec 1
MatVec Hopping Down: 0
MatVec Hopping Up: 0
MatVec Diagonal: 0
beta[47]=1.898229e+01
Eigenvalue = -65.2621
Difference -6.526214e+01 - -6.526214e+01 = 3.675567e-09
Iteration time in sec 1
MatVec Hopping Down: 0
MatVec Hopping Up: 0
MatVec Diagonal: 0
beta[48]=1.364422e+01
Eigenvalue = -65.2621
Difference -6.526214e+01 - -6.526214e+01 = 3.116625e-09
Iteration time in sec 1
MatVec Hopping Down: 0
MatVec Hopping Up: 0
MatVec Diagonal: 0
beta[49]=1.097137e+01
Eigenvalue = -65.2621
Difference -6.526214e+01 - -6.526214e+01 = 7.926275e-09
Iteration time in sec 1
MatVec Hopping Down: 0
MatVec Hopping Up: 0
MatVec Diagonal: 0
beta[50]=8.222864e+00
Eigenvalue = -65.2621
Difference -6.526214e+01 - -6.526214e+01 = 1.062782e-08
Iteration time in sec 1
MatVec Hopping Down: 0
MatVec Hopping Up: 0
MatVec Diagonal: 0
beta[51]=1.628034e+01
Eigenvalue = -65.2621
Difference -6.526214e+01 - -6.526214e+01 = 4.356224e-09
Iteration time in sec 1
MatVec Hopping Down: 0
MatVec Hopping Up: 1
MatVec Diagonal: 0
beta[52]=2.101814e+01
Eigenvalue = -65.2621
Difference -6.526214e+01 - -6.526214e+01 = 4.112621e-10
Iteration time in sec 1
MatVec Hopping Down: 0
MatVec Hopping Up: 1
MatVec Diagonal: 0
beta[53]=1.886645e+01
Eigenvalue = -65.2621
Difference -6.526214e+01 - -6.526214e+01 = 1.284661e-10
Iteration time in sec 2
MatVec Hopping Down: 0
MatVec Hopping Up: 0
MatVec Diagonal: 0
beta[54]=1.382993e+01
Eigenvalue = -65.2621
Difference -6.526214e+01 - -6.526214e+01 = 1.522835e-10
Iteration time in sec 1
MatVec Hopping Down: 0
MatVec Hopping Up: 0
MatVec Diagonal: 0
beta[55]=7.189304e+00
Eigenvalue = -65.2621
Difference -6.526214e+01 - -6.526214e+01 = 3.372378e-10
Iteration time in sec 1
MatVec Hopping Down: 0
MatVec Hopping Up: 0
MatVec Diagonal: 0
beta[56]=1.313144e+01
Eigenvalue = -65.2621
Difference -6.526214e+01 - -6.526214e+01 = 6.388348e-10
Iteration time in sec 1
MatVec Hopping Down: 1
MatVec Hopping Up: 0
MatVec Diagonal: 0
beta[57]=1.839800e+01
Eigenvalue = -65.2621
Difference -6.526214e+01 - -6.526214e+01 = 1.036540e-10
Iteration time in sec 2
MatVec Hopping Down: 0
MatVec Hopping Up: 0
MatVec Diagonal: 0
beta[58]=2.067444e+01
Eigenvalue = -65.2621
Difference -6.526214e+01 - -6.526214e+01 = 1.958256e-11
Iteration time in sec 1
MatVec Hopping Down: 0
MatVec Hopping Up: 1
MatVec Diagonal: 0
beta[59]=1.786039e+01
Eigenvalue = -65.2621
Difference -6.526214e+01 - -6.526214e+01 = 1.188027e-11
Iteration time in sec 2
MatVec Hopping Down: 0
MatVec Hopping Up: 0
MatVec Diagonal: 0
beta[60]=7.879588e+00
Eigenvalue = -65.2621
Difference -6.526214e+01 - -6.526214e+01 = 1.601563e-11
Iteration time in sec 1
MatVec Hopping Down: 0
MatVec Hopping Up: 1
MatVec Diagonal: 0
beta[61]=1.229695e+01
Eigenvalue = -65.2621
Difference -6.526214e+01 - -6.526214e+01 = 6.126299e-11
Iteration time in sec 2
MatVec Hopping Down: 0
MatVec Hopping Up: 0
MatVec Diagonal: 0
beta[62]=1.320134e+01
Eigenvalue = -65.2621
Difference -6.526214e+01 - -6.526214e+01 = 2.499689e-11
Iteration time in sec 1
MatVec Hopping Down: 1
MatVec Hopping Up: 0
MatVec Diagonal: 0
beta[63]=1.863454e+01
Eigenvalue = -65.2621
Difference -6.526214e+01 - -6.526214e+01 = 5.272227e-12
Iteration time in sec 2
MatVec Hopping Down: 0
MatVec Hopping Up: 0
MatVec Diagonal: 0
beta[64]=2.252040e+01
Eigenvalue = -65.2621
Difference -6.526214e+01 - -6.526214e+01 = 8.100187e-13
