Number of sites          : 4
Number of up electrons   : 2
Number of down electrons : 2
Number of hoppings       : 3
hopping 0 : 0 1 -1
hopping 1 : 1 2 -1
hopping 2 : 2 3 -1
interaction/mu_up_mu_down 0 : 8 -4 -4
interaction/mu_up_mu_down 1 : 8 -4 -4
interaction/mu_up_mu_down 2 : 8 -4 -4
interaction/mu_up_mu_down 3 : 8 -4 -4
blockup = 30
set up 6 states
set up 6 states
Setup: 0
MatVec Hopping Down: 0
MatVec Hopping Up: 0
MatVec Diagonal: 0
beta[1]=4.760952e+00
Eigenvalue = 6.91814e-310
Difference 6.918143e-310 - 1.000000e+07 = 1.000000e+07
Iteration time in sec 0
MatVec Hopping Down: 0
MatVec Hopping Up: 0
MatVec Diagonal: 0
beta[2]=6.920874e+00
Eigenvalue = -12
Difference -1.200000e+01 - 6.918143e-310 = 1.200000e+01
Iteration time in sec 0
MatVec Hopping Down: 0
MatVec Hopping Up: 0
MatVec Diagonal: 0
beta[3]=1.603393e+00
Eigenvalue = -15.1821
Difference -1.518207e+01 - -1.200000e+01 = 3.182070e+00
Iteration time in sec 0
MatVec Hopping Down: 0
MatVec Hopping Up: 0
MatVec Diagonal: 0
beta[4]=4.559545e+00
Eigenvalue = -17.0232
Difference -1.702317e+01 - -1.518207e+01 = 1.841105e+00
Iteration time in sec 0
MatVec Hopping Down: 1
MatVec Hopping Up: 0
MatVec Diagonal: 0
beta[5]=6.643995e+00
Eigenvalue = -17.0677
Difference -1.706774e+01 - -1.702317e+01 = 4.456672e-02
Iteration time in sec 1
MatVec Hopping Down: 0
MatVec Hopping Up: 0
MatVec Diagonal: 0
beta[6]=1.991147e+00
Eigenvalue = -17.0807
Difference -1.708067e+01 - -1.706774e+01 = 1.292980e-02
Iteration time in sec 0
MatVec Hopping Down: 0
MatVec Hopping Up: 0
MatVec Diagonal: 0
beta[7]=1.501512e+00
Eigenvalue = -17.1113
Difference -1.711130e+01 - -1.708067e+01 = 3.062675e-02
Iteration time in sec 0
MatVec Hopping Down: 0
MatVec Hopping Up: 0
MatVec Diagonal: 0
beta[8]=7.752620e+00
Eigenvalue = -17.1163
Difference -1.711630e+01 - -1.711130e+01 = 4.998015e-03
Iteration time in sec 0
MatVec Hopping Down: 0
MatVec Hopping Up: 0
MatVec Diagonal: 0
beta[9]=1.563325e+00
Eigenvalue = -17.1165
Difference -1.711647e+01 - -1.711630e+01 = 1.787685e-04
Iteration time in sec 0
MatVec Hopping Down: 0
MatVec Hopping Up: 0
MatVec Diagonal: 0
beta[10]=1.007403e-13
Eigenvalue = -17.1171
Difference -1.711710e+01 - -1.711647e+01 = 6.208781e-04
Iteration time in sec 0
MatVec Hopping Down: 0
MatVec Hopping Up: 0
MatVec Diagonal: 0
beta[11]=1.910697e+00
Eigenvalue = -17.1172
Difference -1.711717e+01 - -1.711710e+01 = 7.679569e-05
Iteration time in sec 0
MatVec Hopping Down: 0
MatVec Hopping Up: 0
MatVec Diagonal: 0
beta[12]=3.116452e+00
Eigenvalue = -17.1172
Difference -1.711717e+01 - -1.711717e+01 = 7.105427e-15
