Number of sites          : 4
Number of up electrons   : 2
Number of down electrons : 2
Number of hoppings       : 3
hopping 0 : 0 1 -1
hopping 1 : 1 2 -1
hopping 2 : 2 3 -1
interaction/mu_up_mu_down 0 : 3 -1.5 -1.5
interaction/mu_up_mu_down 1 : 3 -1.5 -1.5
interaction/mu_up_mu_down 2 : 3 -1.5 -1.5
interaction/mu_up_mu_down 3 : 3 -1.5 -1.5
blockup = 30
set up 6 states
set up 6 states
Setup: 0
MatVec Hopping Down: 0
MatVec Hopping Up: 0
MatVec Diagonal: 0
beta[1]=2.081666e+00
Eigenvalue = 6.9286e-310
Difference 6.928604e-310 - 1.000000e+07 = 1.000000e+07
Iteration time in sec 0
MatVec Hopping Down: 0
MatVec Hopping Up: 0
MatVec Diagonal: 0
beta[2]=3.275033e+00
Eigenvalue = -7
Difference -7.000000e+00 - 6.928604e-310 = 7.000000e+00
Iteration time in sec 0
MatVec Hopping Down: 0
MatVec Hopping Up: 0
MatVec Diagonal: 0
beta[3]=1.815954e+00
Eigenvalue = -7.93622
Difference -7.936222e+00 - -7.000000e+00 = 9.362224e-01
Iteration time in sec 1
MatVec Hopping Down: 0
MatVec Hopping Up: 0
MatVec Diagonal: 0
beta[4]=2.535323e+00
Eigenvalue = -8.30602
Difference -8.306017e+00 - -7.936222e+00 = 3.697942e-01
Iteration time in sec 0
MatVec Hopping Down: 0
MatVec Hopping Up: 0
MatVec Diagonal: 0
beta[5]=2.293817e+00
Eigenvalue = -8.33718
Difference -8.337183e+00 - -8.306017e+00 = 3.116663e-02
Iteration time in sec 0
MatVec Hopping Down: 0
MatVec Hopping Up: 0
MatVec Diagonal: 0
beta[6]=1.623896e+00
Eigenvalue = -8.34443
Difference -8.344429e+00 - -8.337183e+00 = 7.245931e-03
Iteration time in sec 0
MatVec Hopping Down: 0
MatVec Hopping Up: 0
MatVec Diagonal: 0
beta[7]=1.903855e+00
Eigenvalue = -8.34708
Difference -8.347082e+00 - -8.344429e+00 = 2.652411e-03
Iteration time in sec 0
MatVec Hopping Down: 0
MatVec Hopping Up: 0
MatVec Diagonal: 0
beta[8]=1.879365e+00
Eigenvalue = -8.34737
Difference -8.347368e+00 - -8.347082e+00 = 2.864247e-04
Iteration time in sec 0
MatVec Hopping Down: 0
MatVec Hopping Up: 0
MatVec Diagonal: 0
beta[9]=7.773261e-01
Eigenvalue = -8.34742
Difference -8.347417e+00 - -8.347368e+00 = 4.900538e-05
Iteration time in sec 0
MatVec Hopping Down: 0
MatVec Hopping Up: 0
MatVec Diagonal: 0
beta[10]=1.337964e-12
Eigenvalue = -8.34743
Difference -8.347426e+00 - -8.347417e+00 = 9.359037e-06
Iteration time in sec 0
MatVec Hopping Down: 0
MatVec Hopping Up: 0
MatVec Diagonal: 0
beta[11]=1.556183e-01
Eigenvalue = -8.34743
Difference -8.347427e+00 - -8.347426e+00 = 1.943887e-07
Iteration time in sec 0
MatVec Hopping Down: 0
MatVec Hopping Up: 0
MatVec Diagonal: 0
beta[12]=8.895085e-01
Eigenvalue = -8.34743
Difference -8.347427e+00 - -8.347427e+00 = 7.105427e-15
