Number of sites          : 4
Number of up electrons   : 2
Number of down electrons : 2
Number of hoppings       : 3
hopping 0 : 0 1 -1
hopping 1 : 1 2 -1
hopping 2 : 2 3 -1
interaction/mu_up_mu_down 0 : 11 -5.5 -5.5
interaction/mu_up_mu_down 1 : 11 -5.5 -5.5
interaction/mu_up_mu_down 2 : 11 -5.5 -5.5
interaction/mu_up_mu_down 3 : 11 -5.5 -5.5
blockup = 30
set up 6 states
set up 6 states
Setup: 0
MatVec Hopping Down: 0
MatVec Hopping Up: 0
MatVec Diagonal: 0
beta[1]=6.454972e+00
Eigenvalue = 6.91982e-310
Difference 6.919824e-310 - 1.000000e+07 = 1.000000e+07
Iteration time in sec 0
MatVec Hopping Down: 1
MatVec Hopping Up: 0
MatVec Diagonal: 0
beta[2]=9.270687e+00
Eigenvalue = -15
Difference -1.500000e+01 - 6.919824e-310 = 1.500000e+01
Iteration time in sec 1
MatVec Hopping Down: 0
MatVec Hopping Up: 0
MatVec Diagonal: 0
beta[3]=1.531587e+00
Eigenvalue = -19.769
Difference -1.976899e+01 - -1.500000e+01 = 4.768994e+00
Iteration time in sec 0
MatVec Hopping Down: 0
MatVec Hopping Up: 0
MatVec Diagonal: 0
beta[4]=5.020869e+00
Eigenvalue = -22.7399
Difference -2.273993e+01 - -1.976899e+01 = 2.970937e+00
Iteration time in sec 0
MatVec Hopping Down: 0
MatVec Hopping Up: 0
MatVec Diagonal: 0
beta[5]=9.726742e+00
Eigenvalue = -22.7791
Difference -2.277906e+01 - -2.273993e+01 = 3.913130e-02
Iteration time in sec 0
MatVec Hopping Down: 0
MatVec Hopping Up: 0
MatVec Diagonal: 0
beta[6]=2.497641e+00
Eigenvalue = -22.7869
Difference -2.278687e+01 - -2.277906e+01 = 7.803916e-03
Iteration time in sec 0
MatVec Hopping Down: 0
MatVec Hopping Up: 0
MatVec Diagonal: 0
beta[7]=1.090078e+00
Eigenvalue = -22.8227
Difference -2.282275e+01 - -2.278687e+01 = 3.588127e-02
Iteration time in sec 0
MatVec Hopping Down: 0
MatVec Hopping Up: 0
MatVec Diagonal: 0
beta[8]=1.074852e+01
Eigenvalue = -22.8328
Difference -2.283282e+01 - -2.282275e+01 = 1.007440e-02
Iteration time in sec 0
MatVec Hopping Down: 0
MatVec Hopping Up: 0
MatVec Diagonal: 0
beta[9]=2.217893e+00
Eigenvalue = -22.8329
Difference -2.283294e+01 - -2.283282e+01 = 1.184674e-04
Iteration time in sec 0
MatVec Hopping Down: 0
MatVec Hopping Up: 0
MatVec Diagonal: 0
beta[10]=3.832167e-13
Eigenvalue = -22.8337
Difference -2.283365e+01 - -2.283294e+01 = 7.146984e-04
Iteration time in sec 0
MatVec Hopping Down: 0
MatVec Hopping Up: 0
MatVec Diagonal: 0
beta[11]=4.826960e+00
Eigenvalue = -22.8338
Difference -2.283385e+01 - -2.283365e+01 = 1.939103e-04
Iteration time in sec 0
MatVec Hopping Down: 0
MatVec Hopping Up: 0
MatVec Diagonal: 0
beta[12]=7.453665e+00
Eigenvalue = -22.8338
Difference -2.283385e+01 - -2.283385e+01 = 3.197442e-14
