Number of sites          : 12
Number of up electrons   : 6
Number of down electrons : 6
Number of hoppings       : 11
hopping 0 : 0 1 -1
hopping 1 : 1 2 -1
hopping 2 : 2 3 -1
hopping 3 : 3 4 -1
hopping 4 : 4 5 -1
hopping 5 : 5 6 -1
hopping 6 : 6 7 -1
hopping 7 : 7 8 -1
hopping 8 : 8 9 -1
hopping 9 : 9 10 -1
hopping 10 : 10 11 -1
interaction/mu_up_mu_down 0 : 9 -4.5 -4.5
interaction/mu_up_mu_down 1 : 9 -4.5 -4.5
interaction/mu_up_mu_down 2 : 9 -4.5 -4.5
interaction/mu_up_mu_down 3 : 9 -4.5 -4.5
interaction/mu_up_mu_down 4 : 9 -4.5 -4.5
interaction/mu_up_mu_down 5 : 9 -4.5 -4.5
interaction/mu_up_mu_down 6 : 9 -4.5 -4.5
interaction/mu_up_mu_down 7 : 9 -4.5 -4.5
interaction/mu_up_mu_down 8 : 9 -4.5 -4.5
interaction/mu_up_mu_down 9 : 9 -4.5 -4.5
interaction/mu_up_mu_down 10 : 9 -4.5 -4.5
interaction/mu_up_mu_down 11 : 9 -4.5 -4.5
blockup = 30
set up 924 states
set up 924 states
Setup: 272
MatVec Hopping Down: 391
MatVec Hopping Up: 393
MatVec Diagonal: 2
beta[1]=8.469196e+00
Eigenvalue = 0
Difference 0.000000e+00 - 1.000000e+07 = 1.000000e+07
Iteration time in sec 789
MatVec Hopping Down: 386
MatVec Hopping Up: 387
MatVec Diagonal: 2
beta[2]=1.155155e+01
Eigenvalue = -39
Difference -3.900000e+01 - 0.000000e+00 = 3.900000e+01
Iteration time in sec 781
MatVec Hopping Down: 394
MatVec Hopping Up: 389
MatVec Diagonal: 2
beta[3]=1.369410e+01
Eigenvalue = -45.7551
Difference -4.575511e+01 - -3.900000e+01 = 6.755109e+00
Iteration time in sec 791
MatVec Hopping Down: 396
MatVec Hopping Up: 388
MatVec Diagonal: 2
beta[4]=1.533483e+01
Eigenvalue = -49.5359
Difference -4.953587e+01 - -4.575511e+01 = 3.780757e+00
Iteration time in sec 792
MatVec Hopping Down: 389
MatVec Hopping Up: 396
MatVec Diagonal: 2
beta[5]=1.672184e+01
Eigenvalue = -52.0162
Difference -5.201621e+01 - -4.953587e+01 = 2.480344e+00
Iteration time in sec 793
MatVec Hopping Down: 387
MatVec Hopping Up: 402
MatVec Diagonal: 2
beta[6]=1.926052e+01
Eigenvalue = -53.8142
Difference -5.381422e+01 - -5.201621e+01 = 1.798009e+00
Iteration time in sec 796
MatVec Hopping Down: 387
MatVec Hopping Up: 387
MatVec Diagonal: 2
beta[7]=8.055031e+00
Eigenvalue = -55.2473
Difference -5.524731e+01 - -5.381422e+01 = 1.433094e+00
Iteration time in sec 782
MatVec Hopping Down: 394
MatVec Hopping Up: 388
MatVec Diagonal: 2
beta[8]=1.381235e+01
Eigenvalue = -56.8089
Difference -5.680891e+01 - -5.524731e+01 = 1.561599e+00
Iteration time in sec 790
MatVec Hopping Down: 397
MatVec Hopping Up: 390
MatVec Diagonal: 2
beta[9]=1.697692e+01
Eigenvalue = -57.0075
Difference -5.700751e+01 - -5.680891e+01 = 1.986045e-01
Iteration time in sec 794
MatVec Hopping Down: 385
MatVec Hopping Up: 397
MatVec Diagonal: 2
beta[10]=1.674826e+01
Eigenvalue = -57.067
Difference -5.706705e+01 - -5.700751e+01 = 5.953071e-02
Iteration time in sec 790
MatVec Hopping Down: 386
MatVec Hopping Up: 396
MatVec Diagonal: 2
beta[11]=1.539448e+01
Eigenvalue = -57.1042
Difference -5.710417e+01 - -5.706705e+01 = 3.712256e-02
Iteration time in sec 790
MatVec Hopping Down: 392
MatVec Hopping Up: 388
MatVec Diagonal: 2
beta[12]=1.479729e+01
Eigenvalue = -57.1414
Difference -5.714137e+01 - -5.710417e+01 = 3.719782e-02
Iteration time in sec 788
MatVec Hopping Down: 394
MatVec Hopping Up: 390
MatVec Diagonal: 2
beta[13]=1.357165e+01
Eigenvalue = -57.1834
Difference -5.718339e+01 - -5.714137e+01 = 4.202020e-02
Iteration time in sec 792
MatVec Hopping Down: 393
MatVec Hopping Up: 397
MatVec Diagonal: 2
beta[14]=1.488360e+01
Eigenvalue = -57.2311
Difference -5.723105e+01 - -5.718339e+01 = 4.766499e-02
Iteration time in sec 798
MatVec Hopping Down: 386
MatVec Hopping Up: 397
MatVec Diagonal: 2
beta[15]=1.332380e+01
Eigenvalue = -57.2719
Difference -5.727191e+01 - -5.723105e+01 = 4.085509e-02
Iteration time in sec 791
MatVec Hopping Down: 387
MatVec Hopping Up: 392
MatVec Diagonal: 2
beta[16]=1.733966e+01
Eigenvalue = -57.2952
Difference -5.729515e+01 - -5.727191e+01 = 2.324415e-02
Iteration time in sec 786
MatVec Hopping Down: 395
MatVec Hopping Up: 391
MatVec Diagonal: 2
beta[17]=1.528180e+01
Eigenvalue = -57.3027
Difference -5.730271e+01 - -5.729515e+01 = 7.561041e-03
Iteration time in sec 793
MatVec Hopping Down: 394
MatVec Hopping Up: 461
MatVec Diagonal: 3
beta[18]=1.402228e+01
Eigenvalue = -57.3097
Difference -5.730968e+01 - -5.730271e+01 = 6.971176e-03
Iteration time in sec 864
MatVec Hopping Down: 491
MatVec Hopping Up: 389
MatVec Diagonal: 2
beta[19]=1.412934e+01
Eigenvalue = -57.3181
Difference -5.731811e+01 - -5.730968e+01 = 8.424213e-03
Iteration time in sec 890
MatVec Hopping Down: 386
MatVec Hopping Up: 398
MatVec Diagonal: 2
beta[20]=1.575722e+01
Eigenvalue = -57.3271
Difference -5.732713e+01 - -5.731811e+01 = 9.028210e-03
Iteration time in sec 792
MatVec Hopping Down: 390
MatVec Hopping Up: 399
MatVec Diagonal: 2
beta[21]=1.448745e+01
Eigenvalue = -57.334
Difference -5.733397e+01 - -5.732713e+01 = 6.835094e-03
Iteration time in sec 797
MatVec Hopping Down: 389
MatVec Hopping Up: 390
MatVec Diagonal: 2
beta[22]=1.509793e+01
Eigenvalue = -57.3386
Difference -5.733858e+01 - -5.733397e+01 = 4.611385e-03
Iteration time in sec 785
MatVec Hopping Down: 394
MatVec Hopping Up: 396
MatVec Diagonal: 3
beta[23]=1.608474e+01
Eigenvalue = -57.3411
Difference -5.734108e+01 - -5.733858e+01 = 2.503196e-03
Iteration time in sec 800
MatVec Hopping Down: 402
MatVec Hopping Up: 392
MatVec Diagonal: 2
beta[24]=1.374092e+01
Eigenvalue = -57.3426
Difference -5.734261e+01 - -5.734108e+01 = 1.529331e-03
Iteration time in sec 802
MatVec Hopping Down: 386
MatVec Hopping Up: 401
MatVec Diagonal: 2
beta[25]=1.452565e+01
Eigenvalue = -57.3445
Difference -5.734454e+01 - -5.734261e+01 = 1.924630e-03
Iteration time in sec 794
MatVec Hopping Down: 386
MatVec Hopping Up: 428
MatVec Diagonal: 3
beta[26]=1.541644e+01
Eigenvalue = -57.3467
Difference -5.734669e+01 - -5.734454e+01 = 2.149773e-03
Iteration time in sec 823
MatVec Hopping Down: 612
MatVec Hopping Up: 628
MatVec Diagonal: 2
beta[27]=1.443304e+01
Eigenvalue = -57.3482
Difference -5.734816e+01 - -5.734669e+01 = 1.476265e-03
Iteration time in sec 1252
MatVec Hopping Down: 523
MatVec Hopping Up: 553
MatVec Diagonal: 2
beta[28]=1.539810e+01
Eigenvalue = -57.3491
Difference -5.734908e+01 - -5.734816e+01 = 9.162904e-04
Iteration time in sec 1087
MatVec Hopping Down: 528
MatVec Hopping Up: 580
MatVec Diagonal: 2
beta[29]=1.495612e+01
Eigenvalue = -57.3496
Difference -5.734958e+01 - -5.734908e+01 = 5.009061e-04
Iteration time in sec 1118
MatVec Hopping Down: 390
MatVec Hopping Up: 399
MatVec Diagonal: 2
beta[30]=1.471626e+01
Eigenvalue = -57.3499
Difference -5.734994e+01 - -5.734958e+01 = 3.595508e-04
Iteration time in sec 797
MatVec Hopping Down: 394
MatVec Hopping Up: 397
MatVec Diagonal: 2
beta[31]=1.561188e+01
Eigenvalue = -57.3503
Difference -5.735029e+01 - -5.734994e+01 = 3.444244e-04
Iteration time in sec 799
MatVec Hopping Down: 386
MatVec Hopping Up: 393
MatVec Diagonal: 2
beta[32]=1.360562e+01
Eigenvalue = -57.3506
Difference -5.735063e+01 - -5.735029e+01 = 3.453521e-04
Iteration time in sec 787
MatVec Hopping Down: 395
MatVec Hopping Up: 388
MatVec Diagonal: 2
beta[33]=1.533680e+01
Eigenvalue = -57.3509
Difference -5.735093e+01 - -5.735063e+01 = 3.028339e-04
Iteration time in sec 791
MatVec Hopping Down: 394
MatVec Hopping Up: 389
MatVec Diagonal: 2
beta[34]=1.534996e+01
Eigenvalue = -57.3511
Difference -5.735107e+01 - -5.735093e+01 = 1.399817e-04
Iteration time in sec 791
MatVec Hopping Down: 394
MatVec Hopping Up: 398
MatVec Diagonal: 2
beta[35]=1.452831e+01
Eigenvalue = -57.3512
Difference -5.735116e+01 - -5.735107e+01 = 8.228670e-05
Iteration time in sec 799
MatVec Hopping Down: 387
MatVec Hopping Up: 397
MatVec Diagonal: 2
beta[36]=1.496274e+01
Eigenvalue = -57.3512
Difference -5.735123e+01 - -5.735116e+01 = 7.167303e-05
Iteration time in sec 791
MatVec Hopping Down: 387
MatVec Hopping Up: 395
MatVec Diagonal: 2
beta[37]=1.519457e+01
Eigenvalue = -57.3513
Difference -5.735130e+01 - -5.735123e+01 = 7.161798e-05
Iteration time in sec 789
MatVec Hopping Down: 395
MatVec Hopping Up: 388
MatVec Diagonal: 2
beta[38]=1.445276e+01
Eigenvalue = -57.3514
Difference -5.735137e+01 - -5.735130e+01 = 7.328006e-05
Iteration time in sec 791
MatVec Hopping Down: 393
MatVec Hopping Up: 389
MatVec Diagonal: 2
beta[39]=1.554535e+01
Eigenvalue = -57.3514
Difference -5.735143e+01 - -5.735137e+01 = 6.011191e-05
Iteration time in sec 790
MatVec Hopping Down: 391
MatVec Hopping Up: 399
MatVec Diagonal: 2
beta[40]=1.486297e+01
Eigenvalue = -57.3515
Difference -5.735147e+01 - -5.735143e+01 = 3.432140e-05
Iteration time in sec 798
MatVec Hopping Down: 387
MatVec Hopping Up: 399
MatVec Diagonal: 2
beta[41]=1.504151e+01
Eigenvalue = -57.3515
Difference -5.735149e+01 - -5.735147e+01 = 2.234349e-05
Iteration time in sec 794
MatVec Hopping Down: 386
MatVec Hopping Up: 393
MatVec Diagonal: 2
beta[42]=1.425566e+01
Eigenvalue = -57.3515
Difference -5.735151e+01 - -5.735149e+01 = 1.906735e-05
Iteration time in sec 788
MatVec Hopping Down: 395
MatVec Hopping Up: 388
MatVec Diagonal: 2
beta[43]=1.527258e+01
Eigenvalue = -57.3515
Difference -5.735153e+01 - -5.735151e+01 = 2.081738e-05
Iteration time in sec 790
MatVec Hopping Down: 396
MatVec Hopping Up: 388
MatVec Diagonal: 2
beta[44]=1.477971e+01
Eigenvalue = -57.3515
Difference -5.735155e+01 - -5.735153e+01 = 1.559772e-05
Iteration time in sec 792
MatVec Hopping Down: 390
MatVec Hopping Up: 398
MatVec Diagonal: 2
beta[45]=1.522125e+01
Eigenvalue = -57.3516
Difference -5.735156e+01 - -5.735155e+01 = 1.036637e-05
Iteration time in sec 797
MatVec Hopping Down: 387
MatVec Hopping Up: 395
MatVec Diagonal: 2
beta[46]=1.492445e+01
Eigenvalue = -57.3516
Difference -5.735156e+01 - -5.735156e+01 = 5.896956e-06
Iteration time in sec 790
MatVec Hopping Down: 386
MatVec Hopping Up: 397
MatVec Diagonal: 2
beta[47]=1.472766e+01
Eigenvalue = -57.3516
Difference -5.735156e+01 - -5.735156e+01 = 3.691013e-06
Iteration time in sec 791
MatVec Hopping Down: 394
MatVec Hopping Up: 389
MatVec Diagonal: 2
beta[48]=1.469732e+01
Eigenvalue = -57.3516
Difference -5.735157e+01 - -5.735156e+01 = 3.152073e-06
Iteration time in sec 791
MatVec Hopping Down: 387
MatVec Hopping Up: 397
MatVec Diagonal: 2
beta[49]=1.444865e+01
Eigenvalue = -57.3516
Difference -5.735157e+01 - -5.735157e+01 = 2.908192e-06
Iteration time in sec 792
MatVec Hopping Down: 391
MatVec Hopping Up: 398
MatVec Diagonal: 2
beta[50]=1.467981e+01
Eigenvalue = -57.3516
Difference -5.735157e+01 - -5.735157e+01 = 2.045544e-06
Iteration time in sec 798
MatVec Hopping Down: 388
MatVec Hopping Up: 388
MatVec Diagonal: 2
beta[51]=1.530566e+01
Eigenvalue = -57.3516
Difference -5.735157e+01 - -5.735157e+01 = 1.029491e-06
Iteration time in sec 785
MatVec Hopping Down: 394
MatVec Hopping Up: 394
MatVec Diagonal: 2
beta[52]=1.435238e+01
Eigenvalue = -57.3516
Difference -5.735157e+01 - -5.735157e+01 = 4.920657e-07
Iteration time in sec 796
MatVec Hopping Down: 395
MatVec Hopping Up: 391
MatVec Diagonal: 2
beta[53]=1.516883e+01
Eigenvalue = -57.3516
Difference -5.735157e+01 - -5.735157e+01 = 3.245167e-07
Iteration time in sec 794
MatVec Hopping Down: 390
MatVec Hopping Up: 397
MatVec Diagonal: 2
beta[54]=1.462947e+01
Eigenvalue = -57.3516
Difference -5.735158e+01 - -5.735157e+01 = 2.491158e-07
Iteration time in sec 795
MatVec Hopping Down: 390
MatVec Hopping Up: 399
MatVec Diagonal: 2
beta[55]=1.426765e+01
Eigenvalue = -57.3516
Difference -5.735158e+01 - -5.735158e+01 = 2.474586e-07
Iteration time in sec 798
MatVec Hopping Down: 387
MatVec Hopping Up: 392
MatVec Diagonal: 2
beta[56]=1.508783e+01
Eigenvalue = -57.3516
Difference -5.735158e+01 - -5.735158e+01 = 1.919885e-07
Iteration time in sec 786
MatVec Hopping Down: 393
MatVec Hopping Up: 394
MatVec Diagonal: 2
beta[57]=1.487333e+01
Eigenvalue = -57.3516
Difference -5.735158e+01 - -5.735158e+01 = 9.607788e-08
Iteration time in sec 795
MatVec Hopping Down: 394
MatVec Hopping Up: 390
MatVec Diagonal: 2
beta[58]=1.506551e+01
Eigenvalue = -57.3516
Difference -5.735158e+01 - -5.735158e+01 = 4.777866e-08
Iteration time in sec 792
MatVec Hopping Down: 387
MatVec Hopping Up: 397
MatVec Diagonal: 2
beta[59]=1.434218e+01
Eigenvalue = -57.3516
Difference -5.735158e+01 - -5.735158e+01 = 2.937814e-08
Iteration time in sec 792
MatVec Hopping Down: 393
MatVec Hopping Up: 399
MatVec Diagonal: 2
beta[60]=1.440226e+01
Eigenvalue = -57.3516
Difference -5.735158e+01 - -5.735158e+01 = 2.679846e-08
Iteration time in sec 801
MatVec Hopping Down: 387
MatVec Hopping Up: 389
MatVec Diagonal: 2
beta[61]=1.480557e+01
Eigenvalue = -57.3516
Difference -5.735158e+01 - -5.735158e+01 = 2.350446e-08
Iteration time in sec 784
MatVec Hopping Down: 393
MatVec Hopping Up: 394
MatVec Diagonal: 2
beta[62]=1.516383e+01
Eigenvalue = -57.3516
Difference -5.735158e+01 - -5.735158e+01 = 1.595699e-08
Iteration time in sec 796
MatVec Hopping Down: 395
MatVec Hopping Up: 390
MatVec Diagonal: 2
beta[63]=1.538499e+01
Eigenvalue = -57.3516
Difference -5.735158e+01 - -5.735158e+01 = 8.553471e-09
Iteration time in sec 792
MatVec Hopping Down: 387
MatVec Hopping Up: 398
MatVec Diagonal: 2
beta[64]=1.458171e+01
Eigenvalue = -57.3516
Difference -5.735158e+01 - -5.735158e+01 = 4.481073e-09
Iteration time in sec 794
MatVec Hopping Down: 391
MatVec Hopping Up: 401
MatVec Diagonal: 2
beta[65]=1.423455e+01
Eigenvalue = -57.3516
Difference -5.735158e+01 - -5.735158e+01 = 3.448342e-09
Iteration time in sec 800
MatVec Hopping Down: 386
MatVec Hopping Up: 393
MatVec Diagonal: 2
beta[66]=1.435422e+01
Eigenvalue = -57.3516
Difference -5.735158e+01 - -5.735158e+01 = 3.229601e-09
Iteration time in sec 788
MatVec Hopping Down: 393
MatVec Hopping Up: 390
MatVec Diagonal: 2
beta[67]=1.479637e+01
Eigenvalue = -57.3516
Difference -5.735158e+01 - -5.735158e+01 = 2.613049e-09
Iteration time in sec 793
MatVec Hopping Down: 396
MatVec Hopping Up: 388
MatVec Diagonal: 2
beta[68]=1.594952e+01
Eigenvalue = -57.3516
Difference -5.735158e+01 - -5.735158e+01 = 1.560977e-09
Iteration time in sec 794
MatVec Hopping Down: 387
MatVec Hopping Up: 398
MatVec Diagonal: 2
beta[69]=1.444640e+01
Eigenvalue = -57.3516
Difference -5.735158e+01 - -5.735158e+01 = 7.703136e-10
Iteration time in sec 793
MatVec Hopping Down: 386
MatVec Hopping Up: 404
MatVec Diagonal: 2
beta[70]=1.480649e+01
Eigenvalue = -57.3516
Difference -5.735158e+01 - -5.735158e+01 = 4.935075e-10
Iteration time in sec 799
MatVec Hopping Down: 386
MatVec Hopping Up: 389
MatVec Diagonal: 2
beta[71]=1.456508e+01
Eigenvalue = -57.3516
Difference -5.735158e+01 - -5.735158e+01 = 3.527276e-10
Iteration time in sec 785
MatVec Hopping Down: 394
MatVec Hopping Up: 388
MatVec Diagonal: 2
beta[72]=1.438534e+01
Eigenvalue = -57.3516
Difference -5.735158e+01 - -5.735158e+01 = 3.337775e-10
Iteration time in sec 792
MatVec Hopping Down: 400
MatVec Hopping Up: 389
MatVec Diagonal: 2
beta[73]=1.467995e+01
Eigenvalue = -57.3516
Difference -5.735158e+01 - -5.735158e+01 = 2.889990e-10
Iteration time in sec 798
MatVec Hopping Down: 387
MatVec Hopping Up: 397
MatVec Diagonal: 2
beta[74]=1.544271e+01
Eigenvalue = -57.3516
Difference -5.735158e+01 - -5.735158e+01 = 1.709282e-10
Iteration time in sec 793
MatVec Hopping Down: 386
MatVec Hopping Up: 402
MatVec Diagonal: 2
beta[75]=1.527909e+01
Eigenvalue = -57.3516
Difference -5.735158e+01 - -5.735158e+01 = 8.279244e-11
Iteration time in sec 799
MatVec Hopping Down: 387
MatVec Hopping Up: 389
MatVec Diagonal: 2
beta[76]=1.445961e+01
Eigenvalue = -57.3516
Difference -5.735158e+01 - -5.735158e+01 = 4.906298e-11
Iteration time in sec 785
MatVec Hopping Down: 393
MatVec Hopping Up: 389
MatVec Diagonal: 2
beta[77]=1.446385e+01
Eigenvalue = -57.3516
Difference -5.735158e+01 - -5.735158e+01 = 4.320100e-11
Iteration time in sec 792
MatVec Hopping Down: 391
MatVec Hopping Up: 398
MatVec Diagonal: 2
beta[78]=1.466119e+01
Eigenvalue = -57.3516
Difference -5.735158e+01 - -5.735158e+01 = 4.036593e-11
Iteration time in sec 799
MatVec Hopping Down: 390
MatVec Hopping Up: 398
MatVec Diagonal: 2
beta[79]=1.464820e+01
Eigenvalue = -57.3516
Difference -5.735158e+01 - -5.735158e+01 = 3.149125e-11
Iteration time in sec 798
MatVec Hopping Down: 388
MatVec Hopping Up: 393
MatVec Diagonal: 2
beta[80]=1.535770e+01
Eigenvalue = -57.3516
Difference -5.735158e+01 - -5.735158e+01 = 1.868727e-11
Iteration time in sec 790
MatVec Hopping Down: 395
MatVec Hopping Up: 389
MatVec Diagonal: 2
beta[81]=1.464063e+01
Eigenvalue = -57.3516
Difference -5.735158e+01 - -5.735158e+01 = 8.590462e-12
Iteration time in sec 794
MatVec Hopping Down: 394
MatVec Hopping Up: 389
MatVec Diagonal: 2
beta[82]=1.438492e+01
Eigenvalue = -57.3516
Difference -5.735158e+01 - -5.735158e+01 = 5.051959e-12
Iteration time in sec 793
MatVec Hopping Down: 392
MatVec Hopping Up: 399
MatVec Diagonal: 2
beta[83]=1.499800e+01
Eigenvalue = -57.3516
Difference -5.735158e+01 - -5.735158e+01 = 3.865352e-12
Iteration time in sec 801
MatVec Hopping Down: 387
MatVec Hopping Up: 398
MatVec Diagonal: 1
beta[84]=1.421373e+01
Eigenvalue = -57.3516
Difference -5.735158e+01 - -5.735158e+01 = 3.190337e-12
Iteration time in sec 795
MatVec Hopping Down: 386
MatVec Hopping Up: 469
MatVec Diagonal: 2
beta[85]=1.506954e+01
Eigenvalue = -57.3516
Difference -5.735158e+01 - -5.735158e+01 = 2.678746e-12
Iteration time in sec 865
MatVec Hopping Down: 387
MatVec Hopping Up: 389
MatVec Diagonal: 2
beta[86]=1.459977e+01
Eigenvalue = -57.3516
Difference -5.735158e+01 - -5.735158e+01 = 1.385558e-12
Iteration time in sec 786
MatVec Hopping Down: 394
MatVec Hopping Up: 391
MatVec Diagonal: 2
beta[87]=1.509818e+01
Eigenvalue = -57.3516
Difference -5.735158e+01 - -5.735158e+01 = 6.750156e-13
