Number of sites          : 8
Number of up electrons   : 4
Number of down electrons : 4
Number of hoppings       : 7
hopping 0 : 0 1 -1
hopping 1 : 1 2 -1
hopping 2 : 2 3 -1
hopping 3 : 3 4 -1
hopping 4 : 4 5 -1
hopping 5 : 5 6 -1
hopping 6 : 6 7 -1
interaction/mu_up_mu_down 0 : 4 -2 -2
interaction/mu_up_mu_down 1 : 4 -2 -2
interaction/mu_up_mu_down 2 : 4 -2 -2
interaction/mu_up_mu_down 3 : 4 -2 -2
interaction/mu_up_mu_down 4 : 4 -2 -2
interaction/mu_up_mu_down 5 : 4 -2 -2
interaction/mu_up_mu_down 6 : 4 -2 -2
interaction/mu_up_mu_down 7 : 4 -2 -2
blockup = 30
set up 70 states
set up 70 states
Setup: 1
MatVec Hopping Down: 0
MatVec Hopping Up: 0
MatVec Diagonal: 0
beta[1]=3.545621e+00
Eigenvalue = 0
Difference 0.000000e+00 - 1.000000e+07 = 1.000000e+07
Iteration time in sec 0
MatVec Hopping Down: 1
MatVec Hopping Up: 0
MatVec Diagonal: 0
beta[2]=4.863181e+00
Eigenvalue = -16
Difference -1.600000e+01 - 0.000000e+00 = 1.600000e+01
Iteration time in sec 1
MatVec Hopping Down: 0
MatVec Hopping Up: 0
MatVec Diagonal: 0
beta[3]=5.989382e+00
Eigenvalue = -18.1914
Difference -1.819136e+01 - -1.600000e+01 = 2.191360e+00
Iteration time in sec 0
MatVec Hopping Down: 0
MatVec Hopping Up: 1
MatVec Diagonal: 0
beta[4]=7.283466e+00
Eigenvalue = -19.1078
Difference -1.910780e+01 - -1.819136e+01 = 9.164348e-01
Iteration time in sec 1
MatVec Hopping Down: 0
MatVec Hopping Up: 0
MatVec Diagonal: 0
beta[5]=4.789014e+00
Eigenvalue = -19.6262
Difference -1.962620e+01 - -1.910780e+01 = 5.184026e-01
Iteration time in sec 0
MatVec Hopping Down: 0
MatVec Hopping Up: 0
MatVec Diagonal: 0
beta[6]=6.215885e+00
Eigenvalue = -20.0401
Difference -2.004008e+01 - -1.962620e+01 = 4.138844e-01
Iteration time in sec 0
MatVec Hopping Down: 1
MatVec Hopping Up: 0
MatVec Diagonal: 0
beta[7]=6.485100e+00
Eigenvalue = -20.1479
Difference -2.014786e+01 - -2.004008e+01 = 1.077824e-01
Iteration time in sec 1
MatVec Hopping Down: 0
MatVec Hopping Up: 0
MatVec Diagonal: 0
beta[8]=5.909324e+00
Eigenvalue = -20.1879
Difference -2.018791e+01 - -2.014786e+01 = 4.004179e-02
Iteration time in sec 0
MatVec Hopping Down: 1
MatVec Hopping Up: 0
MatVec Diagonal: 0
beta[9]=6.115602e+00
Eigenvalue = -20.2082
Difference -2.020820e+01 - -2.018791e+01 = 2.029289e-02
Iteration time in sec 1
MatVec Hopping Down: 0
MatVec Hopping Up: 0
MatVec Diagonal: 0
beta[10]=6.302407e+00
Eigenvalue = -20.2195
Difference -2.021949e+01 - -2.020820e+01 = 1.128982e-02
Iteration time in sec 0
MatVec Hopping Down: 0
MatVec Hopping Up: 1
MatVec Diagonal: 0
beta[11]=5.329272e+00
Eigenvalue = -20.2267
Difference -2.022670e+01 - -2.021949e+01 = 7.206464e-03
Iteration time in sec 1
MatVec Hopping Down: 0
MatVec Hopping Up: 0
MatVec Diagonal: 0
beta[12]=5.706488e+00
Eigenvalue = -20.2319
Difference -2.023188e+01 - -2.022670e+01 = 5.182510e-03
Iteration time in sec 0
MatVec Hopping Down: 0
MatVec Hopping Up: 0
MatVec Diagonal: 0
beta[13]=5.613945e+00
Eigenvalue = -20.2342
Difference -2.023416e+01 - -2.023188e+01 = 2.282950e-03
Iteration time in sec 0
MatVec Hopping Down: 1
MatVec Hopping Up: 0
MatVec Diagonal: 0
beta[14]=6.265492e+00
Eigenvalue = -20.235
Difference -2.023503e+01 - -2.023416e+01 = 8.641490e-04
Iteration time in sec 1
MatVec Hopping Down: 0
MatVec Hopping Up: 0
MatVec Diagonal: 0
beta[15]=5.501566e+00
Eigenvalue = -20.2353
Difference -2.023534e+01 - -2.023503e+01 = 3.167375e-04
Iteration time in sec 0
MatVec Hopping Down: 1
MatVec Hopping Up: 0
MatVec Diagonal: 0
beta[16]=5.824720e+00
Eigenvalue = -20.2356
Difference -2.023555e+01 - -2.023534e+01 = 2.104373e-04
Iteration time in sec 1
MatVec Hopping Down: 0
MatVec Hopping Up: 0
MatVec Diagonal: 0
beta[17]=5.722323e+00
Eigenvalue = -20.2357
Difference -2.023569e+01 - -2.023555e+01 = 1.332688e-04
Iteration time in sec 0
MatVec Hopping Down: 1
MatVec Hopping Up: 0
MatVec Diagonal: 0
beta[18]=5.269588e+00
Eigenvalue = -20.2358
Difference -2.023576e+01 - -2.023569e+01 = 7.563633e-05
Iteration time in sec 1
MatVec Hopping Down: 0
MatVec Hopping Up: 0
MatVec Diagonal: 0
beta[19]=5.457118e+00
Eigenvalue = -20.2358
Difference -2.023579e+01 - -2.023576e+01 = 3.178951e-05
Iteration time in sec 0
MatVec Hopping Down: 0
MatVec Hopping Up: 1
MatVec Diagonal: 0
beta[20]=5.972619e+00
Eigenvalue = -20.2358
Difference -2.023580e+01 - -2.023579e+01 = 9.129015e-06
Iteration time in sec 1
MatVec Hopping Down: 0
MatVec Hopping Up: 0
MatVec Diagonal: 0
beta[21]=5.173513e+00
Eigenvalue = -20.2358
Difference -2.023580e+01 - -2.023580e+01 = 2.850831e-06
Iteration time in sec 0
MatVec Hopping Down: 1
MatVec Hopping Up: 0
MatVec Diagonal: 0
beta[22]=5.422276e+00
Eigenvalue = -20.2358
Difference -2.023581e+01 - -2.023580e+01 = 1.360613e-06
Iteration time in sec 1
MatVec Hopping Down: 0
MatVec Hopping Up: 0
MatVec Diagonal: 0
beta[23]=5.378594e+00
Eigenvalue = -20.2358
Difference -2.023581e+01 - -2.023581e+01 = 4.630672e-07
Iteration time in sec 0
MatVec Hopping Down: 0
MatVec Hopping Up: 0
MatVec Diagonal: 0
beta[24]=5.206597e+00
Eigenvalue = -20.2358
Difference -2.023581e+01 - -2.023581e+01 = 1.679368e-07
Iteration time in sec 1
MatVec Hopping Down: 0
MatVec Hopping Up: 0
MatVec Diagonal: 0
beta[25]=4.918261e+00
Eigenvalue = -20.2358
Difference -2.023581e+01 - -2.023581e+01 = 6.611759e-08
Iteration time in sec 1
MatVec Hopping Down: 0
MatVec Hopping Up: 0
MatVec Diagonal: 0
beta[26]=5.909885e+00
Eigenvalue = -20.2358
Difference -2.023581e+01 - -2.023581e+01 = 1.959624e-08
Iteration time in sec 0
MatVec Hopping Down: 0
MatVec Hopping Up: 1
MatVec Diagonal: 0
beta[27]=4.841612e+00
Eigenvalue = -20.2358
Difference -2.023581e+01 - -2.023581e+01 = 4.726505e-09
Iteration time in sec 1
MatVec Hopping Down: 0
MatVec Hopping Up: 0
MatVec Diagonal: 0
beta[28]=6.111452e+00
Eigenvalue = -20.2358
Difference -2.023581e+01 - -2.023581e+01 = 2.001055e-09
Iteration time in sec 0
MatVec Hopping Down: 1
MatVec Hopping Up: 0
MatVec Diagonal: 0
beta[29]=5.405629e+00
Eigenvalue = -20.2358
Difference -2.023581e+01 - -2.023581e+01 = 6.351684e-10
Iteration time in sec 1
MatVec Hopping Down: 0
MatVec Hopping Up: 0
MatVec Diagonal: 0
beta[30]=5.107346e+00
Eigenvalue = -20.2358
Difference -2.023581e+01 - -2.023581e+01 = 3.271410e-10
Iteration time in sec 1
MatVec Hopping Down: 0
MatVec Hopping Up: 0
MatVec Diagonal: 0
beta[31]=5.242471e+00
Eigenvalue = -20.2358
Difference -2.023581e+01 - -2.023581e+01 = 1.399556e-10
Iteration time in sec 0
MatVec Hopping Down: 0
MatVec Hopping Up: 1
MatVec Diagonal: 0
beta[32]=5.698185e+00
Eigenvalue = -20.2358
Difference -2.023581e+01 - -2.023581e+01 = 4.898837e-11
Iteration time in sec 1
MatVec Hopping Down: 0
MatVec Hopping Up: 0
MatVec Diagonal: 0
beta[33]=6.158176e+00
Eigenvalue = -20.2358
Difference -2.023581e+01 - -2.023581e+01 = 1.561062e-11
Iteration time in sec 0
MatVec Hopping Down: 1
MatVec Hopping Up: 0
MatVec Diagonal: 0
beta[34]=5.383104e+00
Eigenvalue = -20.2358
Difference -2.023581e+01 - -2.023581e+01 = 6.195933e-12
Iteration time in sec 1
MatVec Hopping Down: 0
MatVec Hopping Up: 1
MatVec Diagonal: 0
beta[35]=5.064578e+00
Eigenvalue = -20.2358
Difference -2.023581e+01 - -2.023581e+01 = 3.591794e-12
Iteration time in sec 1
MatVec Hopping Down: 0
MatVec Hopping Up: 0
MatVec Diagonal: 0
beta[36]=5.356715e+00
Eigenvalue = -20.2358
Difference -2.023581e+01 - -2.023581e+01 = 1.563194e-12
Iteration time in sec 1
MatVec Hopping Down: 0
MatVec Hopping Up: 0
MatVec Diagonal: 0
beta[37]=5.229136e+00
Eigenvalue = -20.2358
Difference -2.023581e+01 - -2.023581e+01 = 4.725109e-13
