Number of sites          : 8
Number of up electrons   : 4
Number of down electrons : 4
Number of hoppings       : 7
hopping 0 : 0 1 -1
hopping 1 : 1 2 -1
hopping 2 : 2 3 -1
hopping 3 : 3 4 -1
hopping 4 : 4 5 -1
hopping 5 : 5 6 -1
hopping 6 : 6 7 -1
interaction/mu_up_mu_down 0 : 6 -3 -3
interaction/mu_up_mu_down 1 : 6 -3 -3
interaction/mu_up_mu_down 2 : 6 -3 -3
interaction/mu_up_mu_down 3 : 6 -3 -3
interaction/mu_up_mu_down 4 : 6 -3 -3
interaction/mu_up_mu_down 5 : 6 -3 -3
interaction/mu_up_mu_down 6 : 6 -3 -3
interaction/mu_up_mu_down 7 : 6 -3 -3
blockup = 30
set up 70 states
set up 70 states
Setup: 1
MatVec Hopping Down: 0
MatVec Hopping Up: 1
MatVec Diagonal: 0
beta[1]=4.898979e+00
Eigenvalue = 0
Difference 0.000000e+00 - 1.000000e+07 = 1.000000e+07
Iteration time in sec 1
MatVec Hopping Down: 0
MatVec Hopping Up: 0
MatVec Diagonal: 0
beta[2]=6.641790e+00
Eigenvalue = -20
Difference -2.000000e+01 - 0.000000e+00 = 2.000000e+01
Iteration time in sec 0
MatVec Hopping Down: 0
MatVec Hopping Up: 0
MatVec Diagonal: 0
beta[3]=8.006980e+00
Eigenvalue = -23.3667
Difference -2.336671e+01 - -2.000000e+01 = 3.366712e+00
Iteration time in sec 0
MatVec Hopping Down: 0
MatVec Hopping Up: 0
MatVec Diagonal: 0
beta[4]=9.748970e+00
Eigenvalue = -24.9554
Difference -2.495543e+01 - -2.336671e+01 = 1.588721e+00
Iteration time in sec 1
MatVec Hopping Down: 0
MatVec Hopping Up: 0
MatVec Diagonal: 0
beta[5]=4.655595e+00
Eigenvalue = -25.9328
Difference -2.593277e+01 - -2.495543e+01 = 9.773338e-01
Iteration time in sec 0
MatVec Hopping Down: 1
MatVec Hopping Up: 0
MatVec Diagonal: 0
beta[6]=7.636767e+00
Eigenvalue = -26.8211
Difference -2.682107e+01 - -2.593277e+01 = 8.883069e-01
Iteration time in sec 1
MatVec Hopping Down: 0
MatVec Hopping Up: 0
MatVec Diagonal: 0
beta[7]=8.595966e+00
Eigenvalue = -26.9528
Difference -2.695280e+01 - -2.682107e+01 = 1.317268e-01
Iteration time in sec 0
MatVec Hopping Down: 0
MatVec Hopping Up: 1
MatVec Diagonal: 0
beta[8]=7.580657e+00
Eigenvalue = -26.9996
Difference -2.699959e+01 - -2.695280e+01 = 4.678501e-02
Iteration time in sec 1
MatVec Hopping Down: 0
MatVec Hopping Up: 0
MatVec Diagonal: 0
beta[9]=7.351068e+00
Eigenvalue = -27.0311
Difference -2.703111e+01 - -2.699959e+01 = 3.152446e-02
Iteration time in sec 0
MatVec Hopping Down: 0
MatVec Hopping Up: 0
MatVec Diagonal: 0
beta[10]=7.129817e+00
Eigenvalue = -27.0555
Difference -2.705555e+01 - -2.703111e+01 = 2.443772e-02
Iteration time in sec 0
MatVec Hopping Down: 1
MatVec Hopping Up: 0
MatVec Diagonal: 0
beta[11]=6.776528e+00
Eigenvalue = -27.0777
Difference -2.707771e+01 - -2.705555e+01 = 2.216514e-02
Iteration time in sec 1
MatVec Hopping Down: 0
MatVec Hopping Up: 0
MatVec Diagonal: 0
beta[12]=7.597466e+00
Eigenvalue = -27.0915
Difference -2.709155e+01 - -2.707771e+01 = 1.383267e-02
Iteration time in sec 0
MatVec Hopping Down: 0
MatVec Hopping Up: 1
MatVec Diagonal: 0
beta[13]=7.350144e+00
Eigenvalue = -27.0964
Difference -2.709640e+01 - -2.709155e+01 = 4.851188e-03
Iteration time in sec 1
MatVec Hopping Down: 0
MatVec Hopping Up: 0
MatVec Diagonal: 0
beta[14]=7.456652e+00
Eigenvalue = -27.099
Difference -2.709895e+01 - -2.709640e+01 = 2.557772e-03
Iteration time in sec 0
MatVec Hopping Down: 0
MatVec Hopping Up: 1
MatVec Diagonal: 0
beta[15]=7.595103e+00
Eigenvalue = -27.1008
Difference -2.710079e+01 - -2.709895e+01 = 1.832605e-03
Iteration time in sec 1
MatVec Hopping Down: 0
MatVec Hopping Up: 0
MatVec Diagonal: 0
beta[16]=6.553884e+00
Eigenvalue = -27.1022
Difference -2.710215e+01 - -2.710079e+01 = 1.366066e-03
Iteration time in sec 0
MatVec Hopping Down: 0
MatVec Hopping Up: 0
MatVec Diagonal: 0
beta[17]=6.875678e+00
Eigenvalue = -27.1031
Difference -2.710305e+01 - -2.710215e+01 = 8.975017e-04
Iteration time in sec 1
MatVec Hopping Down: 0
MatVec Hopping Up: 0
MatVec Diagonal: 0
beta[18]=7.443057e+00
Eigenvalue = -27.1034
Difference -2.710340e+01 - -2.710305e+01 = 3.469364e-04
Iteration time in sec 0
MatVec Hopping Down: 0
MatVec Hopping Up: 0
MatVec Diagonal: 0
beta[19]=7.944732e+00
Eigenvalue = -27.1035
Difference -2.710354e+01 - -2.710340e+01 = 1.434156e-04
Iteration time in sec 1
MatVec Hopping Down: 0
MatVec Hopping Up: 0
MatVec Diagonal: 0
beta[20]=6.749317e+00
Eigenvalue = -27.1036
Difference -2.710365e+01 - -2.710354e+01 = 1.061327e-04
Iteration time in sec 0
MatVec Hopping Down: 0
MatVec Hopping Up: 0
MatVec Diagonal: 0
beta[21]=7.428134e+00
Eigenvalue = -27.1038
Difference -2.710375e+01 - -2.710365e+01 = 1.070677e-04
Iteration time in sec 0
MatVec Hopping Down: 0
MatVec Hopping Up: 0
MatVec Diagonal: 0
beta[22]=6.757748e+00
Eigenvalue = -27.1038
Difference -2.710381e+01 - -2.710375e+01 = 5.741813e-05
Iteration time in sec 1
MatVec Hopping Down: 0
MatVec Hopping Up: 1
MatVec Diagonal: 0
beta[23]=7.190818e+00
Eigenvalue = -27.1038
Difference -2.710384e+01 - -2.710381e+01 = 2.844987e-05
Iteration time in sec 1
MatVec Hopping Down: 0
MatVec Hopping Up: 0
MatVec Diagonal: 0
beta[24]=7.609040e+00
Eigenvalue = -27.1039
Difference -2.710385e+01 - -2.710384e+01 = 1.150656e-05
Iteration time in sec 0
MatVec Hopping Down: 1
MatVec Hopping Up: 0
MatVec Diagonal: 0
beta[25]=6.957486e+00
Eigenvalue = -27.1039
Difference -2.710386e+01 - -2.710385e+01 = 5.481906e-06
Iteration time in sec 1
MatVec Hopping Down: 0
MatVec Hopping Up: 0
MatVec Diagonal: 0
beta[26]=6.681158e+00
Eigenvalue = -27.1039
Difference -2.710386e+01 - -2.710386e+01 = 3.324914e-06
Iteration time in sec 0
MatVec Hopping Down: 1
MatVec Hopping Up: 0
MatVec Diagonal: 0
beta[27]=6.645062e+00
Eigenvalue = -27.1039
Difference -2.710386e+01 - -2.710386e+01 = 1.563110e-06
Iteration time in sec 1
MatVec Hopping Down: 0
MatVec Hopping Up: 0
MatVec Diagonal: 0
beta[28]=7.009631e+00
Eigenvalue = -27.1039
Difference -2.710386e+01 - -2.710386e+01 = 6.097173e-07
Iteration time in sec 1
MatVec Hopping Down: 0
MatVec Hopping Up: 0
MatVec Diagonal: 0
beta[29]=7.702666e+00
Eigenvalue = -27.1039
Difference -2.710386e+01 - -2.710386e+01 = 2.202196e-07
Iteration time in sec 0
MatVec Hopping Down: 0
MatVec Hopping Up: 1
MatVec Diagonal: 0
beta[30]=6.814901e+00
Eigenvalue = -27.1039
Difference -2.710386e+01 - -2.710386e+01 = 9.158816e-08
Iteration time in sec 1
MatVec Hopping Down: 0
MatVec Hopping Up: 0
MatVec Diagonal: 0
beta[31]=6.063685e+00
Eigenvalue = -27.1039
Difference -2.710386e+01 - -2.710386e+01 = 6.333168e-08
Iteration time in sec 0
MatVec Hopping Down: 1
MatVec Hopping Up: 0
MatVec Diagonal: 0
beta[32]=7.796510e+00
Eigenvalue = -27.1039
Difference -2.710386e+01 - -2.710386e+01 = 3.163904e-08
Iteration time in sec 1
MatVec Hopping Down: 0
MatVec Hopping Up: 0
MatVec Diagonal: 0
beta[33]=6.402752e+00
Eigenvalue = -27.1039
Difference -2.710386e+01 - -2.710386e+01 = 8.365252e-09
Iteration time in sec 1
MatVec Hopping Down: 0
MatVec Hopping Up: 0
MatVec Diagonal: 0
beta[34]=7.521385e+00
Eigenvalue = -27.1039
Difference -2.710386e+01 - -2.710386e+01 = 4.183569e-09
Iteration time in sec 0
MatVec Hopping Down: 1
MatVec Hopping Up: 0
MatVec Diagonal: 0
beta[35]=6.773727e+00
Eigenvalue = -27.1039
Difference -2.710386e+01 - -2.710386e+01 = 1.822507e-09
Iteration time in sec 1
MatVec Hopping Down: 0
MatVec Hopping Up: 0
MatVec Diagonal: 0
beta[36]=6.912184e+00
Eigenvalue = -27.1039
Difference -2.710386e+01 - -2.710386e+01 = 1.080366e-09
Iteration time in sec 1
MatVec Hopping Down: 0
MatVec Hopping Up: 0
MatVec Diagonal: 0
beta[37]=7.131900e+00
Eigenvalue = -27.1039
Difference -2.710386e+01 - -2.710386e+01 = 4.859686e-10
Iteration time in sec 1
MatVec Hopping Down: 0
MatVec Hopping Up: 0
MatVec Diagonal: 0
beta[38]=6.895141e+00
Eigenvalue = -27.1039
Difference -2.710386e+01 - -2.710386e+01 = 1.876721e-10
Iteration time in sec 0
MatVec Hopping Down: 1
MatVec Hopping Up: 0
MatVec Diagonal: 0
beta[39]=7.478632e+00
Eigenvalue = -27.1039
Difference -2.710386e+01 - -2.710386e+01 = 8.614620e-11
Iteration time in sec 1
MatVec Hopping Down: 0
MatVec Hopping Up: 1
MatVec Diagonal: 0
beta[40]=6.787258e+00
Eigenvalue = -27.1039
Difference -2.710386e+01 - -2.710386e+01 = 4.652634e-11
Iteration time in sec 1
MatVec Hopping Down: 0
MatVec Hopping Up: 0
MatVec Diagonal: 0
beta[41]=7.298132e+00
Eigenvalue = -27.1039
Difference -2.710386e+01 - -2.710386e+01 = 3.165823e-11
Iteration time in sec 1
MatVec Hopping Down: 0
MatVec Hopping Up: 0
MatVec Diagonal: 0
beta[42]=7.220456e+00
Eigenvalue = -27.1039
Difference -2.710386e+01 - -2.710386e+01 = 1.549338e-11
Iteration time in sec 1
MatVec Hopping Down: 0
MatVec Hopping Up: 0
MatVec Diagonal: 0
beta[43]=6.923800e+00
Eigenvalue = -27.1039
Difference -2.710386e+01 - -2.710386e+01 = 7.037926e-12
Iteration time in sec 1
MatVec Hopping Down: 0
MatVec Hopping Up: 0
MatVec Diagonal: 0
beta[44]=7.021236e+00
Eigenvalue = -27.1039
Difference -2.710386e+01 - -2.710386e+01 = 3.144152e-12
Iteration time in sec 1
MatVec Hopping Down: 0
MatVec Hopping Up: 0
MatVec Diagonal: 0
beta[45]=6.723150e+00
Eigenvalue = -27.1039
Difference -2.710386e+01 - -2.710386e+01 = 1.570299e-12
Iteration time in sec 1
MatVec Hopping Down: 0
MatVec Hopping Up: 0
MatVec Diagonal: 0
beta[46]=6.992416e+00
Eigenvalue = -27.1039
Difference -2.710386e+01 - -2.710386e+01 = 7.140954e-13
