Number of sites          : 8
Number of up electrons   : 4
Number of down electrons : 4
Number of hoppings       : 7
hopping 0 : 0 1 -1
hopping 1 : 1 2 -1
hopping 2 : 2 3 -1
hopping 3 : 3 4 -1
hopping 4 : 4 5 -1
hopping 5 : 5 6 -1
hopping 6 : 6 7 -1
interaction/mu_up_mu_down 0 : 8 -4 -4
interaction/mu_up_mu_down 1 : 8 -4 -4
interaction/mu_up_mu_down 2 : 8 -4 -4
interaction/mu_up_mu_down 3 : 8 -4 -4
interaction/mu_up_mu_down 4 : 8 -4 -4
interaction/mu_up_mu_down 5 : 8 -4 -4
interaction/mu_up_mu_down 6 : 8 -4 -4
interaction/mu_up_mu_down 7 : 8 -4 -4
blockup = 30
set up 70 states
set up 70 states
Setup: 1
MatVec Hopping Down: 1
MatVec Hopping Up: 0
MatVec Diagonal: 0
beta[1]=6.324555e+00
Eigenvalue = 0
Difference 0.000000e+00 - 1.000000e+07 = 1.000000e+07
Iteration time in sec 1
MatVec Hopping Down: 0
MatVec Hopping Up: 0
MatVec Diagonal: 0
beta[2]=8.534396e+00
Eigenvalue = -24
Difference -2.400000e+01 - 0.000000e+00 = 2.400000e+01
Iteration time in sec 0
MatVec Hopping Down: 0
MatVec Hopping Up: 1
MatVec Diagonal: 0
beta[3]=1.016113e+01
Eigenvalue = -28.6835
Difference -2.868349e+01 - -2.400000e+01 = 4.683492e+00
Iteration time in sec 1
MatVec Hopping Down: 0
MatVec Hopping Up: 0
MatVec Diagonal: 0
beta[4]=1.231936e+01
Eigenvalue = -31.0872
Difference -3.108724e+01 - -2.868349e+01 = 2.403748e+00
Iteration time in sec 0
MatVec Hopping Down: 0
MatVec Hopping Up: 0
MatVec Diagonal: 0
beta[5]=4.525109e+00
Eigenvalue = -32.641
Difference -3.264102e+01 - -3.108724e+01 = 1.553780e+00
Iteration time in sec 0
MatVec Hopping Down: 1
MatVec Hopping Up: 0
MatVec Diagonal: 0
beta[6]=8.976634e+00
Eigenvalue = -34.1053
Difference -3.410531e+01 - -3.264102e+01 = 1.464295e+00
Iteration time in sec 1
MatVec Hopping Down: 0
MatVec Hopping Up: 0
MatVec Diagonal: 0
beta[7]=1.079240e+01
Eigenvalue = -34.2336
Difference -3.423357e+01 - -3.410531e+01 = 1.282554e-01
Iteration time in sec 0
MatVec Hopping Down: 1
MatVec Hopping Up: 0
MatVec Diagonal: 0
beta[8]=9.844094e+00
Eigenvalue = -34.2746
Difference -3.427455e+01 - -3.423357e+01 = 4.098119e-02
Iteration time in sec 1
MatVec Hopping Down: 0
MatVec Hopping Up: 0
MatVec Diagonal: 0
beta[9]=9.211839e+00
Eigenvalue = -34.3051
Difference -3.430515e+01 - -3.427455e+01 = 3.059735e-02
Iteration time in sec 0
MatVec Hopping Down: 0
MatVec Hopping Up: 1
MatVec Diagonal: 0
beta[10]=6.791395e+00
Eigenvalue = -34.3362
Difference -3.433617e+01 - -3.430515e+01 = 3.101928e-02
Iteration time in sec 1
MatVec Hopping Down: 0
MatVec Hopping Up: 0
MatVec Diagonal: 0
beta[11]=8.603480e+00
Eigenvalue = -34.3797
Difference -3.437975e+01 - -3.433617e+01 = 4.358068e-02
Iteration time in sec 0
MatVec Hopping Down: 0
MatVec Hopping Up: 0
MatVec Diagonal: 0
beta[12]=1.010083e+01
Eigenvalue = -34.3984
Difference -3.439836e+01 - -3.437975e+01 = 1.860855e-02
Iteration time in sec 0
MatVec Hopping Down: 1
MatVec Hopping Up: 0
MatVec Diagonal: 0
beta[13]=9.751512e+00
Eigenvalue = -34.4043
Difference -3.440433e+01 - -3.439836e+01 = 5.968329e-03
Iteration time in sec 1
MatVec Hopping Down: 0
MatVec Hopping Up: 1
MatVec Diagonal: 0
beta[14]=8.163625e+00
Eigenvalue = -34.4081
Difference -3.440811e+01 - -3.440433e+01 = 3.781012e-03
Iteration time in sec 1
MatVec Hopping Down: 0
MatVec Hopping Up: 0
MatVec Diagonal: 0
beta[15]=8.614618e+00
Eigenvalue = -34.4122
Difference -3.441218e+01 - -3.440811e+01 = 4.074100e-03
Iteration time in sec 0
MatVec Hopping Down: 0
MatVec Hopping Up: 0
MatVec Diagonal: 0
beta[16]=7.773035e+00
Eigenvalue = -34.4161
Difference -3.441607e+01 - -3.441218e+01 = 3.885223e-03
Iteration time in sec 1
MatVec Hopping Down: 1
MatVec Hopping Up: 0
MatVec Diagonal: 0
beta[17]=1.019802e+01
Eigenvalue = -34.4185
Difference -3.441855e+01 - -3.441607e+01 = 2.480410e-03
Iteration time in sec 1
MatVec Hopping Down: 0
MatVec Hopping Up: 1
MatVec Diagonal: 0
beta[18]=9.072235e+00
Eigenvalue = -34.4193
Difference -3.441927e+01 - -3.441855e+01 = 7.217279e-04
Iteration time in sec 1
MatVec Hopping Down: 0
MatVec Hopping Up: 0
MatVec Diagonal: 0
beta[19]=8.495831e+00
Eigenvalue = -34.4197
Difference -3.441968e+01 - -3.441927e+01 = 4.133803e-04
Iteration time in sec 1
MatVec Hopping Down: 0
MatVec Hopping Up: 0
MatVec Diagonal: 0
beta[20]=7.913059e+00
Eigenvalue = -34.42
Difference -3.442005e+01 - -3.441968e+01 = 3.671354e-04
Iteration time in sec 0
MatVec Hopping Down: 1
MatVec Hopping Up: 0
MatVec Diagonal: 0
beta[21]=8.209576e+00
Eigenvalue = -34.4204
Difference -3.442038e+01 - -3.442005e+01 = 3.314301e-04
Iteration time in sec 1
MatVec Hopping Down: 1
MatVec Hopping Up: 0
MatVec Diagonal: 0
beta[22]=1.081774e+01
Eigenvalue = -34.4206
Difference -3.442055e+01 - -3.442038e+01 = 1.753309e-04
Iteration time in sec 1
MatVec Hopping Down: 0
MatVec Hopping Up: 1
MatVec Diagonal: 0
beta[23]=9.215367e+00
Eigenvalue = -34.4206
Difference -3.442062e+01 - -3.442055e+01 = 6.532197e-05
Iteration time in sec 1
MatVec Hopping Down: 0
MatVec Hopping Up: 1
MatVec Diagonal: 0
beta[24]=8.505809e+00
Eigenvalue = -34.4207
Difference -3.442068e+01 - -3.442062e+01 = 5.586785e-05
Iteration time in sec 1
MatVec Hopping Down: 0
MatVec Hopping Up: 0
MatVec Diagonal: 0
beta[25]=7.721333e+00
Eigenvalue = -34.4207
Difference -3.442074e+01 - -3.442068e+01 = 6.189425e-05
Iteration time in sec 1
MatVec Hopping Down: 0
MatVec Hopping Up: 0
MatVec Diagonal: 0
beta[26]=8.466819e+00
Eigenvalue = -34.4208
Difference -3.442079e+01 - -3.442074e+01 = 5.164585e-05
Iteration time in sec 1
MatVec Hopping Down: 0
MatVec Hopping Up: 0
MatVec Diagonal: 0
beta[27]=9.494277e+00
Eigenvalue = -34.4208
Difference -3.442081e+01 - -3.442079e+01 = 2.281766e-05
Iteration time in sec 1
MatVec Hopping Down: 0
MatVec Hopping Up: 0
MatVec Diagonal: 0
beta[28]=9.790216e+00
Eigenvalue = -34.4208
Difference -3.442082e+01 - -3.442081e+01 = 7.727246e-06
Iteration time in sec 1
MatVec Hopping Down: 0
MatVec Hopping Up: 0
MatVec Diagonal: 0
beta[29]=8.174090e+00
Eigenvalue = -34.4208
Difference -3.442082e+01 - -3.442082e+01 = 3.625447e-06
Iteration time in sec 0
MatVec Hopping Down: 0
MatVec Hopping Up: 0
MatVec Diagonal: 0
beta[30]=6.901812e+00
Eigenvalue = -34.4208
Difference -3.442083e+01 - -3.442082e+01 = 3.409122e-06
Iteration time in sec 1
MatVec Hopping Down: 0
MatVec Hopping Up: 0
MatVec Diagonal: 0
beta[31]=8.188500e+00
Eigenvalue = -34.4208
Difference -3.442083e+01 - -3.442083e+01 = 2.701668e-06
Iteration time in sec 2
MatVec Hopping Down: 0
MatVec Hopping Up: 0
MatVec Diagonal: 0
beta[32]=9.501380e+00
Eigenvalue = -34.4208
Difference -3.442083e+01 - -3.442083e+01 = 9.327033e-07
Iteration time in sec 1
MatVec Hopping Down: 0
MatVec Hopping Up: 0
MatVec Diagonal: 0
beta[33]=1.017680e+01
Eigenvalue = -34.4208
Difference -3.442083e+01 - -3.442083e+01 = 2.598472e-07
Iteration time in sec 1
MatVec Hopping Down: 0
MatVec Hopping Up: 0
MatVec Diagonal: 0
beta[34]=7.689448e+00
Eigenvalue = -34.4208
Difference -3.442083e+01 - -3.442083e+01 = 1.129745e-07
Iteration time in sec 1
MatVec Hopping Down: 0
MatVec Hopping Up: 0
MatVec Diagonal: 0
beta[35]=7.063871e+00
Eigenvalue = -34.4208
Difference -3.442083e+01 - -3.442083e+01 = 1.242677e-07
Iteration time in sec 1
MatVec Hopping Down: 0
MatVec Hopping Up: 1
MatVec Diagonal: 0
beta[36]=8.558037e+00
Eigenvalue = -34.4208
Difference -3.442083e+01 - -3.442083e+01 = 8.664439e-08
Iteration time in sec 1
MatVec Hopping Down: 0
MatVec Hopping Up: 1
MatVec Diagonal: 0
beta[37]=8.634714e+00
Eigenvalue = -34.4208
Difference -3.442083e+01 - -3.442083e+01 = 2.869870e-08
Iteration time in sec 1
MatVec Hopping Down: 1
MatVec Hopping Up: 0
MatVec Diagonal: 0
beta[38]=1.082001e+01
Eigenvalue = -34.4208
Difference -3.442083e+01 - -3.442083e+01 = 1.026515e-08
Iteration time in sec 2
MatVec Hopping Down: 0
MatVec Hopping Up: 0
MatVec Diagonal: 0
beta[39]=7.993523e+00
Eigenvalue = -34.4208
Difference -3.442083e+01 - -3.442083e+01 = 3.562306e-09
Iteration time in sec 1
MatVec Hopping Down: 0
MatVec Hopping Up: 1
MatVec Diagonal: 0
beta[40]=7.673059e+00
Eigenvalue = -34.4208
Difference -3.442083e+01 - -3.442083e+01 = 3.418357e-09
Iteration time in sec 1
MatVec Hopping Down: 1
MatVec Hopping Up: 0
MatVec Diagonal: 0
beta[41]=7.299360e+00
Eigenvalue = -34.4208
Difference -3.442083e+01 - -3.442083e+01 = 2.653856e-09
Iteration time in sec 2
MatVec Hopping Down: 0
MatVec Hopping Up: 0
MatVec Diagonal: 0
beta[42]=8.581323e+00
Eigenvalue = -34.4208
Difference -3.442083e+01 - -3.442083e+01 = 1.265960e-09
Iteration time in sec 1
MatVec Hopping Down: 0
MatVec Hopping Up: 1
MatVec Diagonal: 0
beta[43]=1.085952e+01
Eigenvalue = -34.4208
Difference -3.442083e+01 - -3.442083e+01 = 3.570477e-10
Iteration time in sec 2
MatVec Hopping Down: 0
MatVec Hopping Up: 0
MatVec Diagonal: 0
beta[44]=8.659383e+00
Eigenvalue = -34.4208
Difference -3.442083e+01 - -3.442083e+01 = 1.173461e-10
Iteration time in sec 1
MatVec Hopping Down: 0
MatVec Hopping Up: 1
MatVec Diagonal: 0
beta[45]=8.088979e+00
Eigenvalue = -34.4208
Difference -3.442083e+01 - -3.442083e+01 = 9.847412e-11
Iteration time in sec 2
MatVec Hopping Down: 0
MatVec Hopping Up: 0
MatVec Diagonal: 0
beta[46]=7.403710e+00
Eigenvalue = -34.4208
Difference -3.442083e+01 - -3.442083e+01 = 9.402612e-11
Iteration time in sec 1
MatVec Hopping Down: 1
MatVec Hopping Up: 0
MatVec Diagonal: 0
beta[47]=8.480236e+00
Eigenvalue = -34.4208
Difference -3.442083e+01 - -3.442083e+01 = 6.829026e-11
Iteration time in sec 2
MatVec Hopping Down: 0
MatVec Hopping Up: 1
MatVec Diagonal: 0
beta[48]=1.096459e+01
Eigenvalue = -34.4208
Difference -3.442083e+01 - -3.442083e+01 = 2.349765e-11
Iteration time in sec 2
MatVec Hopping Down: 0
MatVec Hopping Up: 0
MatVec Diagonal: 0
beta[49]=8.457207e+00
Eigenvalue = -34.4208
Difference -3.442083e+01 - -3.442083e+01 = 7.418066e-12
Iteration time in sec 1
MatVec Hopping Down: 0
MatVec Hopping Up: 0
MatVec Diagonal: 0
beta[50]=7.908685e+00
Eigenvalue = -34.4208
Difference -3.442083e+01 - -3.442083e+01 = 6.217249e-12
Iteration time in sec 2
MatVec Hopping Down: 1
MatVec Hopping Up: 0
MatVec Diagonal: 0
beta[51]=7.165550e+00
Eigenvalue = -34.4208
Difference -3.442083e+01 - -3.442083e+01 = 5.542233e-12
Iteration time in sec 2
MatVec Hopping Down: 1
MatVec Hopping Up: 0
MatVec Diagonal: 0
beta[52]=7.967511e+00
Eigenvalue = -34.4208
Difference -3.442083e+01 - -3.442083e+01 = 3.225864e-12
Iteration time in sec 2
MatVec Hopping Down: 1
MatVec Hopping Up: 0
MatVec Diagonal: 0
beta[53]=1.047565e+01
Eigenvalue = -34.4208
Difference -3.442083e+01 - -3.442083e+01 = 9.450218e-13
