Number of sites          : 4
Number of up electrons   : 2
Number of down electrons : 2
Number of hoppings       : 3
hopping 0 : 0 1 -1
hopping 1 : 1 2 -1
hopping 2 : 2 3 -1
interaction/mu_up_mu_down 0 : 10 -5 -5
interaction/mu_up_mu_down 1 : 10 -5 -5
interaction/mu_up_mu_down 2 : 10 -5 -5
interaction/mu_up_mu_down 3 : 10 -5 -5
blockup = 30
set up 6 states
set up 6 states
Setup: 1
MatVec Hopping Down: 0
MatVec Hopping Up: 0
MatVec Diagonal: 0
beta[1]=5.887841e+00
Eigenvalue = 6.90421e-310
Difference 6.904207e-310 - 1.000000e+07 = 1.000000e+07
Iteration time in sec 0
MatVec Hopping Down: 0
MatVec Hopping Up: 0
MatVec Diagonal: 0
beta[2]=8.481416e+00
Eigenvalue = -14
Difference -1.400000e+01 - 6.904207e-310 = 1.400000e+01
Iteration time in sec 0
MatVec Hopping Down: 0
MatVec Hopping Up: 0
MatVec Diagonal: 0
beta[3]=1.550756e+00
Eigenvalue = -18.2313
Difference -1.823132e+01 - -1.400000e+01 = 4.231325e+00
Iteration time in sec 0
MatVec Hopping Down: 0
MatVec Hopping Up: 0
MatVec Diagonal: 0
beta[4]=4.898897e+00
Eigenvalue = -20.8164
Difference -2.081644e+01 - -1.823132e+01 = 2.585114e+00
Iteration time in sec 0
MatVec Hopping Down: 0
MatVec Hopping Up: 0
MatVec Diagonal: 0
beta[5]=8.695880e+00
Eigenvalue = -20.8575
Difference -2.085747e+01 - -2.081644e+01 = 4.102679e-02
Iteration time in sec 0
MatVec Hopping Down: 0
MatVec Hopping Up: 0
MatVec Diagonal: 0
beta[6]=2.323283e+00
Eigenvalue = -20.8668
Difference -2.086677e+01 - -2.085747e+01 = 9.301454e-03
Iteration time in sec 0
MatVec Hopping Down: 0
MatVec Hopping Up: 0
MatVec Diagonal: 0
beta[7]=1.200784e+00
Eigenvalue = -20.9021
Difference -2.090214e+01 - -2.086677e+01 = 3.537763e-02
Iteration time in sec 0
MatVec Hopping Down: 0
MatVec Hopping Up: 0
MatVec Diagonal: 0
beta[8]=9.758806e+00
Eigenvalue = -20.9105
Difference -2.091050e+01 - -2.090214e+01 = 8.353289e-03
Iteration time in sec 0
MatVec Hopping Down: 0
MatVec Hopping Up: 0
MatVec Diagonal: 0
beta[9]=1.999462e+00
Eigenvalue = -20.9106
Difference -2.091064e+01 - -2.091050e+01 = 1.371217e-04
Iteration time in sec 0
MatVec Hopping Down: 0
MatVec Hopping Up: 0
MatVec Diagonal: 0
beta[10]=2.107893e-13
Eigenvalue = -20.9113
Difference -2.091134e+01 - -2.091064e+01 = 7.095115e-04
Iteration time in sec 0
MatVec Hopping Down: 0
MatVec Hopping Up: 0
MatVec Diagonal: 0
beta[11]=7.317095e+00
Eigenvalue = -20.9115
Difference -2.091150e+01 - -2.091134e+01 = 1.529554e-04
Iteration time in sec 0
MatVec Hopping Down: 0
MatVec Hopping Up: 0
MatVec Diagonal: 0
beta[12]=5.379378e+00
Eigenvalue = -20.9115
Difference -2.091150e+01 - -2.091150e+01 = 7.105427e-15
