Number of sites          : 12
Number of up electrons   : 6
Number of down electrons : 6
Number of hoppings       : 11
hopping 0 : 0 1 -1
hopping 1 : 1 2 -1
hopping 2 : 2 3 -1
hopping 3 : 3 4 -1
hopping 4 : 4 5 -1
hopping 5 : 5 6 -1
hopping 6 : 6 7 -1
hopping 7 : 7 8 -1
hopping 8 : 8 9 -1
hopping 9 : 9 10 -1
hopping 10 : 10 11 -1
interaction/mu_up_mu_down 0 : 8 -4 -4
interaction/mu_up_mu_down 1 : 8 -4 -4
interaction/mu_up_mu_down 2 : 8 -4 -4
interaction/mu_up_mu_down 3 : 8 -4 -4
interaction/mu_up_mu_down 4 : 8 -4 -4
interaction/mu_up_mu_down 5 : 8 -4 -4
interaction/mu_up_mu_down 6 : 8 -4 -4
interaction/mu_up_mu_down 7 : 8 -4 -4
interaction/mu_up_mu_down 8 : 8 -4 -4
interaction/mu_up_mu_down 9 : 8 -4 -4
interaction/mu_up_mu_down 10 : 8 -4 -4
interaction/mu_up_mu_down 11 : 8 -4 -4
blockup = 30
set up 924 states
set up 924 states
Setup: 272
MatVec Hopping Down: 394
MatVec Hopping Up: 385
MatVec Diagonal: 2
beta[1]=7.603827e+00
Eigenvalue = 0
Difference 0.000000e+00 - 1.000000e+07 = 1.000000e+07
Iteration time in sec 784
MatVec Hopping Down: 389
MatVec Hopping Up: 397
MatVec Diagonal: 2
beta[2]=1.037905e+01
Eigenvalue = -36
Difference -3.600000e+01 - 0.000000e+00 = 3.600000e+01
Iteration time in sec 794
MatVec Hopping Down: 390
MatVec Hopping Up: 405
MatVec Diagonal: 2
beta[3]=1.232928e+01
Eigenvalue = -41.9262
Difference -4.192619e+01 - -3.600000e+01 = 5.926192e+00
Iteration time in sec 802
MatVec Hopping Down: 385
MatVec Hopping Up: 392
MatVec Diagonal: 2
beta[4]=1.383979e+01
Eigenvalue = -45.1598
Difference -4.515977e+01 - -4.192619e+01 = 3.233582e+00
Iteration time in sec 785
MatVec Hopping Down: 393
MatVec Hopping Up: 392
MatVec Diagonal: 2
beta[5]=1.511835e+01
Eigenvalue = -47.241
Difference -4.724101e+01 - -4.515977e+01 = 2.081241e+00
Iteration time in sec 794
MatVec Hopping Down: 393
MatVec Hopping Up: 389
MatVec Diagonal: 2
beta[6]=1.739764e+01
Eigenvalue = -48.7325
Difference -4.873246e+01 - -4.724101e+01 = 1.491449e+00
Iteration time in sec 790
MatVec Hopping Down: 385
MatVec Hopping Up: 398
MatVec Diagonal: 2
beta[7]=8.105749e+00
Eigenvalue = -49.9142
Difference -4.991423e+01 - -4.873246e+01 = 1.181762e+00
Iteration time in sec 790
MatVec Hopping Down: 391
MatVec Hopping Up: 399
MatVec Diagonal: 2
beta[8]=1.285627e+01
Eigenvalue = -51.192
Difference -5.119202e+01 - -4.991423e+01 = 1.277798e+00
Iteration time in sec 798
MatVec Hopping Down: 385
MatVec Hopping Up: 388
MatVec Diagonal: 2
beta[9]=1.548935e+01
Eigenvalue = -51.3976
Difference -5.139762e+01 - -5.119202e+01 = 2.055935e-01
Iteration time in sec 781
MatVec Hopping Down: 391
MatVec Hopping Up: 389
MatVec Diagonal: 2
beta[10]=1.505451e+01
Eigenvalue = -51.464
Difference -5.146399e+01 - -5.139762e+01 = 6.637053e-02
Iteration time in sec 788
MatVec Hopping Down: 397
MatVec Hopping Up: 389
MatVec Diagonal: 2
beta[11]=1.386007e+01
Eigenvalue = -51.5057
Difference -5.150572e+01 - -5.146399e+01 = 4.173137e-02
Iteration time in sec 792
MatVec Hopping Down: 385
MatVec Hopping Up: 398
MatVec Diagonal: 2
beta[12]=1.350083e+01
Eigenvalue = -51.545
Difference -5.154496e+01 - -5.150572e+01 = 3.923598e-02
Iteration time in sec 790
MatVec Hopping Down: 386
MatVec Hopping Up: 403
MatVec Diagonal: 2
beta[13]=1.291297e+01
Eigenvalue = -51.5848
Difference -5.158482e+01 - -5.154496e+01 = 3.986778e-02
Iteration time in sec 796
MatVec Hopping Down: 385
MatVec Hopping Up: 392
MatVec Diagonal: 2
beta[14]=1.438382e+01
Eigenvalue = -51.6253
Difference -5.162535e+01 - -5.158482e+01 = 4.052645e-02
Iteration time in sec 784
MatVec Hopping Down: 393
MatVec Hopping Up: 388
MatVec Diagonal: 2
beta[15]=1.186994e+01
Eigenvalue = -51.6588
Difference -5.165879e+01 - -5.162535e+01 = 3.343992e-02
Iteration time in sec 789
MatVec Hopping Down: 393
MatVec Hopping Up: 392
MatVec Diagonal: 2
beta[16]=1.530668e+01
Eigenvalue = -51.6814
Difference -5.168144e+01 - -5.165879e+01 = 2.265173e-02
Iteration time in sec 793
MatVec Hopping Down: 387
MatVec Hopping Up: 402
MatVec Diagonal: 2
beta[17]=1.395053e+01
Eigenvalue = -51.6892
Difference -5.168919e+01 - -5.168144e+01 = 7.744729e-03
Iteration time in sec 796
MatVec Hopping Down: 385
MatVec Hopping Up: 393
MatVec Diagonal: 2
beta[18]=1.310502e+01
Eigenvalue = -51.6955
Difference -5.169552e+01 - -5.168919e+01 = 6.333692e-03
Iteration time in sec 786
MatVec Hopping Down: 394
MatVec Hopping Up: 389
MatVec Diagonal: 2
beta[19]=1.361400e+01
Eigenvalue = -51.7026
Difference -5.170260e+01 - -5.169552e+01 = 7.083000e-03
Iteration time in sec 789
MatVec Hopping Down: 393
MatVec Hopping Up: 388
MatVec Diagonal: 2
beta[20]=1.412715e+01
Eigenvalue = -51.7097
Difference -5.170966e+01 - -5.170260e+01 = 7.061459e-03
Iteration time in sec 789
MatVec Hopping Down: 389
MatVec Hopping Up: 399
MatVec Diagonal: 2
beta[21]=1.299655e+01
Eigenvalue = -51.7152
Difference -5.171519e+01 - -5.170966e+01 = 5.521835e-03
Iteration time in sec 796
MatVec Hopping Down: 386
MatVec Hopping Up: 397
MatVec Diagonal: 2
beta[22]=1.379406e+01
Eigenvalue = -51.719
Difference -5.171902e+01 - -5.171519e+01 = 3.830076e-03
Iteration time in sec 790
MatVec Hopping Down: 385
MatVec Hopping Up: 394
MatVec Diagonal: 2
beta[23]=1.382420e+01
Eigenvalue = -51.7212
Difference -5.172120e+01 - -5.171902e+01 = 2.182640e-03
Iteration time in sec 786
MatVec Hopping Down: 394
MatVec Hopping Up: 389
MatVec Diagonal: 2
beta[24]=1.421595e+01
Eigenvalue = -51.7226
Difference -5.172257e+01 - -5.172120e+01 = 1.368606e-03
Iteration time in sec 790
MatVec Hopping Down: 393
MatVec Hopping Up: 389
MatVec Diagonal: 2
beta[25]=1.333754e+01
Eigenvalue = -51.7238
Difference -5.172379e+01 - -5.172257e+01 = 1.219002e-03
Iteration time in sec 788
MatVec Hopping Down: 390
MatVec Hopping Up: 398
MatVec Diagonal: 2
beta[26]=1.334868e+01
Eigenvalue = -51.7252
Difference -5.172521e+01 - -5.172379e+01 = 1.425767e-03
Iteration time in sec 796
MatVec Hopping Down: 389
MatVec Hopping Up: 398
MatVec Diagonal: 2
beta[27]=1.313538e+01
Eigenvalue = -51.7263
Difference -5.172626e+01 - -5.172521e+01 = 1.051248e-03
Iteration time in sec 793
MatVec Hopping Down: 385
MatVec Hopping Up: 394
MatVec Diagonal: 2
beta[28]=1.390596e+01
Eigenvalue = -51.7269
Difference -5.172688e+01 - -5.172626e+01 = 6.164311e-04
Iteration time in sec 787
MatVec Hopping Down: 392
MatVec Hopping Up: 389
MatVec Diagonal: 2
beta[29]=1.362645e+01
Eigenvalue = -51.7272
Difference -5.172722e+01 - -5.172688e+01 = 3.432935e-04
Iteration time in sec 788
MatVec Hopping Down: 393
MatVec Hopping Up: 389
MatVec Diagonal: 2
beta[30]=1.449901e+01
Eigenvalue = -51.7275
Difference -5.172746e+01 - -5.172722e+01 = 2.389828e-04
Iteration time in sec 789
MatVec Hopping Down: 389
MatVec Hopping Up: 398
MatVec Diagonal: 2
beta[31]=1.393171e+01
Eigenvalue = -51.7277
Difference -5.172765e+01 - -5.172746e+01 = 1.916682e-04
Iteration time in sec 795
MatVec Hopping Down: 385
MatVec Hopping Up: 397
MatVec Diagonal: 2
beta[32]=1.273150e+01
Eigenvalue = -51.7278
Difference -5.172784e+01 - -5.172765e+01 = 1.858535e-04
Iteration time in sec 790
MatVec Hopping Down: 405
MatVec Hopping Up: 436
MatVec Diagonal: 2
beta[33]=1.305920e+01
Eigenvalue = -51.728
Difference -5.172801e+01 - -5.172784e+01 = 1.680962e-04
Iteration time in sec 849
MatVec Hopping Down: 409
MatVec Hopping Up: 391
MatVec Diagonal: 2
beta[34]=1.425921e+01
Eigenvalue = -51.7281
Difference -5.172811e+01 - -5.172801e+01 = 1.006053e-04
Iteration time in sec 808
MatVec Hopping Down: 393
MatVec Hopping Up: 402
MatVec Diagonal: 3
beta[35]=1.381655e+01
Eigenvalue = -51.7282
Difference -5.172816e+01 - -5.172811e+01 = 5.482616e-05
Iteration time in sec 804
MatVec Hopping Down: 622
MatVec Hopping Up: 632
MatVec Diagonal: 2
beta[36]=1.433936e+01
Eigenvalue = -51.7282
Difference -5.172821e+01 - -5.172816e+01 = 4.776076e-05
Iteration time in sec 1265
MatVec Hopping Down: 1364
MatVec Hopping Up: 420
MatVec Diagonal: 2
beta[37]=1.339351e+01
Eigenvalue = -51.7283
Difference -5.172826e+01 - -5.172821e+01 = 4.589064e-05
Iteration time in sec 1794
MatVec Hopping Down: 388
MatVec Hopping Up: 616
MatVec Diagonal: 2
beta[38]=1.327375e+01
Eigenvalue = -51.7283
Difference -5.172830e+01 - -5.172826e+01 = 4.413679e-05
Iteration time in sec 1013
MatVec Hopping Down: 521
MatVec Hopping Up: 407
MatVec Diagonal: 2
beta[39]=1.333825e+01
Eigenvalue = -51.7283
Difference -5.172833e+01 - -5.172830e+01 = 3.311722e-05
Iteration time in sec 938
MatVec Hopping Down: 386
MatVec Hopping Up: 402
MatVec Diagonal: 2
beta[40]=1.329854e+01
Eigenvalue = -51.7284
Difference -5.172835e+01 - -5.172833e+01 = 2.007170e-05
Iteration time in sec 796
MatVec Hopping Down: 390
MatVec Hopping Up: 453
MatVec Diagonal: 2
beta[41]=1.468728e+01
Eigenvalue = -51.7284
Difference -5.172837e+01 - -5.172835e+01 = 1.177107e-05
Iteration time in sec 852
MatVec Hopping Down: 556
MatVec Hopping Up: 630
MatVec Diagonal: 2
beta[42]=1.398618e+01
Eigenvalue = -51.7284
Difference -5.172837e+01 - -5.172837e+01 = 7.652011e-06
Iteration time in sec 1197
MatVec Hopping Down: 602
MatVec Hopping Up: 406
MatVec Diagonal: 2
beta[43]=1.281486e+01
Eigenvalue = -51.7284
Difference -5.172838e+01 - -5.172837e+01 = 7.176010e-06
Iteration time in sec 1020
MatVec Hopping Down: 385
MatVec Hopping Up: 396
MatVec Diagonal: 2
beta[44]=1.353965e+01
Eigenvalue = -51.7284
Difference -5.172839e+01 - -5.172838e+01 = 6.267293e-06
Iteration time in sec 788
MatVec Hopping Down: 400
MatVec Hopping Up: 394
MatVec Diagonal: 2
beta[45]=1.316671e+01
Eigenvalue = -51.7284
Difference -5.172839e+01 - -5.172839e+01 = 3.591876e-06
Iteration time in sec 802
MatVec Hopping Down: 394
MatVec Hopping Up: 388
MatVec Diagonal: 1
beta[46]=1.328380e+01
Eigenvalue = -51.7284
Difference -5.172839e+01 - -5.172839e+01 = 2.017547e-06
Iteration time in sec 790
MatVec Hopping Down: 392
MatVec Hopping Up: 388
MatVec Diagonal: 2
beta[47]=1.447494e+01
Eigenvalue = -51.7284
Difference -5.172839e+01 - -5.172839e+01 = 1.118071e-06
Iteration time in sec 789
MatVec Hopping Down: 390
MatVec Hopping Up: 397
MatVec Diagonal: 2
beta[48]=1.349059e+01
Eigenvalue = -51.7284
Difference -5.172839e+01 - -5.172839e+01 = 6.666703e-07
Iteration time in sec 795
MatVec Hopping Down: 389
MatVec Hopping Up: 396
MatVec Diagonal: 2
beta[49]=1.349883e+01
Eigenvalue = -51.7284
Difference -5.172839e+01 - -5.172839e+01 = 5.344733e-07
Iteration time in sec 792
MatVec Hopping Down: 385
MatVec Hopping Up: 392
MatVec Diagonal: 2
beta[50]=1.292853e+01
Eigenvalue = -51.7284
Difference -5.172840e+01 - -5.172839e+01 = 3.916726e-07
Iteration time in sec 786
MatVec Hopping Down: 394
MatVec Hopping Up: 390
MatVec Diagonal: 2
beta[51]=1.330331e+01
Eigenvalue = -51.7284
Difference -5.172840e+01 - -5.172840e+01 = 2.560855e-07
Iteration time in sec 792
MatVec Hopping Down: 392
MatVec Hopping Up: 389
MatVec Diagonal: 2
beta[52]=1.406547e+01
Eigenvalue = -51.7284
Difference -5.172840e+01 - -5.172840e+01 = 1.356875e-07
Iteration time in sec 789
MatVec Hopping Down: 390
MatVec Hopping Up: 397
MatVec Diagonal: 2
beta[53]=1.387077e+01
Eigenvalue = -51.7284
Difference -5.172840e+01 - -5.172840e+01 = 8.018820e-08
Iteration time in sec 795
MatVec Hopping Down: 385
MatVec Hopping Up: 400
MatVec Diagonal: 2
beta[54]=1.364093e+01
Eigenvalue = -51.7284
Difference -5.172840e+01 - -5.172840e+01 = 6.076797e-08
Iteration time in sec 793
MatVec Hopping Down: 385
MatVec Hopping Up: 396
MatVec Diagonal: 2
beta[55]=1.325089e+01
Eigenvalue = -51.7284
Difference -5.172840e+01 - -5.172840e+01 = 4.653844e-08
Iteration time in sec 789
MatVec Hopping Down: 394
MatVec Hopping Up: 388
MatVec Diagonal: 2
beta[56]=1.283250e+01
Eigenvalue = -51.7284
Difference -5.172840e+01 - -5.172840e+01 = 3.309280e-08
Iteration time in sec 791
MatVec Hopping Down: 393
MatVec Hopping Up: 388
MatVec Diagonal: 2
beta[57]=1.359320e+01
Eigenvalue = -51.7284
Difference -5.172840e+01 - -5.172840e+01 = 1.922348e-08
Iteration time in sec 789
MatVec Hopping Down: 388
MatVec Hopping Up: 398
MatVec Diagonal: 2
beta[58]=1.413438e+01
Eigenvalue = -51.7284
Difference -5.172840e+01 - -5.172840e+01 = 9.782681e-09
Iteration time in sec 795
MatVec Hopping Down: 385
MatVec Hopping Up: 400
MatVec Diagonal: 2
beta[59]=1.403139e+01
Eigenvalue = -51.7284
Difference -5.172840e+01 - -5.172840e+01 = 6.219388e-09
Iteration time in sec 794
MatVec Hopping Down: 385
MatVec Hopping Up: 396
MatVec Diagonal: 2
beta[60]=1.308060e+01
Eigenvalue = -51.7284
Difference -5.172840e+01 - -5.172840e+01 = 5.061686e-09
Iteration time in sec 790
MatVec Hopping Down: 394
MatVec Hopping Up: 390
MatVec Diagonal: 2
beta[61]=1.338811e+01
Eigenvalue = -51.7284
Difference -5.172840e+01 - -5.172840e+01 = 4.534449e-09
Iteration time in sec 793
MatVec Hopping Down: 396
MatVec Hopping Up: 388
MatVec Diagonal: 2
beta[62]=1.313142e+01
Eigenvalue = -51.7284
Difference -5.172840e+01 - -5.172840e+01 = 2.841105e-09
Iteration time in sec 793
MatVec Hopping Down: 390
MatVec Hopping Up: 398
MatVec Diagonal: 2
beta[63]=1.366992e+01
Eigenvalue = -51.7284
Difference -5.172840e+01 - -5.172840e+01 = 1.504098e-09
Iteration time in sec 797
MatVec Hopping Down: 385
MatVec Hopping Up: 392
MatVec Diagonal: 3
beta[64]=1.389467e+01
Eigenvalue = -51.7284
Difference -5.172840e+01 - -5.172840e+01 = 8.315197e-10
Iteration time in sec 787
MatVec Hopping Down: 387
MatVec Hopping Up: 393
MatVec Diagonal: 2
beta[65]=1.353243e+01
Eigenvalue = -51.7284
Difference -5.172840e+01 - -5.172840e+01 = 5.730385e-10
Iteration time in sec 789
MatVec Hopping Down: 394
MatVec Hopping Up: 390
MatVec Diagonal: 2
beta[66]=1.379328e+01
Eigenvalue = -51.7284
Difference -5.172840e+01 - -5.172840e+01 = 4.632881e-10
Iteration time in sec 794
MatVec Hopping Down: 386
MatVec Hopping Up: 403
MatVec Diagonal: 2
beta[67]=1.368754e+01
Eigenvalue = -51.7284
Difference -5.172840e+01 - -5.172840e+01 = 3.453451e-10
Iteration time in sec 798
MatVec Hopping Down: 390
MatVec Hopping Up: 399
MatVec Diagonal: 2
beta[68]=1.257898e+01
Eigenvalue = -51.7284
Difference -5.172840e+01 - -5.172840e+01 = 2.306706e-10
Iteration time in sec 797
MatVec Hopping Down: 385
MatVec Hopping Up: 390
MatVec Diagonal: 2
beta[69]=1.394880e+01
Eigenvalue = -51.7284
Difference -5.172840e+01 - -5.172840e+01 = 1.417746e-10
Iteration time in sec 784
MatVec Hopping Down: 392
MatVec Hopping Up: 393
MatVec Diagonal: 2
beta[70]=1.356091e+01
Eigenvalue = -51.7284
Difference -5.172840e+01 - -5.172840e+01 = 7.536727e-11
Iteration time in sec 794
MatVec Hopping Down: 394
MatVec Hopping Up: 388
MatVec Diagonal: 2
beta[71]=1.388060e+01
Eigenvalue = -51.7284
Difference -5.172840e+01 - -5.172840e+01 = 5.753975e-11
Iteration time in sec 792
MatVec Hopping Down: 385
MatVec Hopping Up: 396
MatVec Diagonal: 2
beta[72]=1.374774e+01
Eigenvalue = -51.7284
Difference -5.172840e+01 - -5.172840e+01 = 4.538947e-11
Iteration time in sec 791
MatVec Hopping Down: 390
MatVec Hopping Up: 400
MatVec Diagonal: 2
beta[73]=1.310007e+01
Eigenvalue = -51.7284
Difference -5.172840e+01 - -5.172840e+01 = 3.295497e-11
Iteration time in sec 798
MatVec Hopping Down: 385
MatVec Hopping Up: 392
MatVec Diagonal: 2
beta[74]=1.303577e+01
Eigenvalue = -51.7284
Difference -5.172840e+01 - -5.172840e+01 = 2.096101e-11
Iteration time in sec 787
MatVec Hopping Down: 573
MatVec Hopping Up: 634
MatVec Diagonal: 3
beta[75]=1.406722e+01
Eigenvalue = -51.7284
Difference -5.172840e+01 - -5.172840e+01 = 1.124789e-11
Iteration time in sec 1218
MatVec Hopping Down: 480
MatVec Hopping Up: 402
MatVec Diagonal: 2
beta[76]=1.355302e+01
Eigenvalue = -51.7284
Difference -5.172840e+01 - -5.172840e+01 = 6.558309e-12
Iteration time in sec 894
MatVec Hopping Down: 384
MatVec Hopping Up: 394
MatVec Diagonal: 2
beta[77]=1.339669e+01
Eigenvalue = -51.7284
Difference -5.172840e+01 - -5.172840e+01 = 4.597212e-12
Iteration time in sec 788
MatVec Hopping Down: 394
MatVec Hopping Up: 388
MatVec Diagonal: 2
beta[78]=1.353295e+01
Eigenvalue = -51.7284
Difference -5.172840e+01 - -5.172840e+01 = 3.865352e-12
Iteration time in sec 792
MatVec Hopping Down: 403
MatVec Hopping Up: 390
MatVec Diagonal: 2
beta[79]=1.340351e+01
Eigenvalue = -51.7284
Difference -5.172840e+01 - -5.172840e+01 = 2.152944e-12
Iteration time in sec 803
MatVec Hopping Down: 392
MatVec Hopping Up: 398
MatVec Diagonal: 2
beta[80]=1.296793e+01
Eigenvalue = -51.7284
Difference -5.172840e+01 - -5.172840e+01 = 1.222134e-12
Iteration time in sec 800
MatVec Hopping Down: 384
MatVec Hopping Up: 395
MatVec Diagonal: 2
beta[81]=1.372267e+01
Eigenvalue = -51.7284
Difference -5.172840e+01 - -5.172840e+01 = 6.821210e-13
